---------------------------------------------------------------
[ 2018-10-04T00:14:14+08:00 ] 47.94.39.226 GET /
[运行时间：0.015931s] [吞吐率：62.77req/s] [内存消耗：1,823.95kb] [文件加载：72]
[ error ] [8]Undefined index: HTTP_HOST[/www/wwwroot/ar/config/app.php:152]
[ info ] [ LANG ] /www/wwwroot/ar/thinkphp/lang/zh-cn.php
[ info ] [ ROUTE ] array (
)
[ info ] [ HEADER ] array (
)
[ info ] [ PARAM ] array (
)
---------------------------------------------------------------
[ 2018-10-04T01:03:52+08:00 ] 183.60.210.52 GET 121.196.216.77/
[运行时间：0.015036s] [吞吐率：66.51req/s] [内存消耗：1,785.44kb] [文件加载：69]
[ info ] [ LANG ] /www/wwwroot/ar/thinkphp/lang/zh-cn.php
[ info ] [ ROUTE ] array (
)
[ info ] [ HEADER ] array (
  'host' => '121.196.216.77',
  'user-agent' => 'Mozilla/4.0 (compatible; MSIE 9.0; Windows NT 6.1)',
  'referer' => 'https://121.196.216.77',
  'accept-language' => 'zh-cn',
  'accept' => '*/*',
  'connection' => 'Keep-Alive',
)
[ info ] [ PARAM ] array (
)
---------------------------------------------------------------
[ 2018-10-04T02:38:32+08:00 ] 140.205.205.25 HEAD www.hihill.cn:443/
[运行时间：0.014850s] [吞吐率：67.34req/s] [内存消耗：1,784.20kb] [文件加载：69]
[ info ] [ LANG ] /www/wwwroot/ar/thinkphp/lang/zh-cn.php
[ info ] [ ROUTE ] array (
)
[ info ] [ HEADER ] array (
  'connection' => 'close',
  'user-agent' => 'Go-http-client/1.1',
  'host' => 'www.hihill.cn:443',
)
[ info ] [ PARAM ] array (
)
---------------------------------------------------------------
[ 2018-10-04T03:30:28+08:00 ] 106.15.176.145 GET www.hihill.cn/
[运行时间：0.014937s] [吞吐率：66.95req/s] [内存消耗：1,785.36kb] [文件加载：69]
[ info ] [ LANG ] /www/wwwroot/ar/thinkphp/lang/zh-cn.php
[ info ] [ ROUTE ] array (
)
[ info ] [ HEADER ] array (
  'connection' => 'keep-alive',
  'accept' => 'text/html, image/gif, image/jpeg, *; q=.2, */*; q=.2',
  'host' => 'www.hihill.cn',
  'user-agent' => 'Mozilla/5.0 (X11; Ubuntu; Linux x86_64; rv:36.0) Gecko/20100101 Firefox/36.0',
)
[ info ] [ PARAM ] array (
)
---------------------------------------------------------------
[ 2018-10-04T03:30:28+08:00 ] 106.15.176.145 GET www.hihill.cn/Login/index/index.html
[运行时间：0.020305s] [吞吐率：49.25req/s] [内存消耗：1,749.09kb] [文件加载：69]
[ info ] [ LANG ] /www/wwwroot/ar/thinkphp/lang/zh-cn.php
[ info ] [ ROUTE ] array (
)
[ info ] [ HEADER ] array (
  'connection' => 'keep-alive',
  'accept' => 'text/html, image/gif, image/jpeg, *; q=.2, */*; q=.2',
  'host' => 'www.hihill.cn',
  'user-agent' => 'Mozilla/5.0 (X11; Ubuntu; Linux x86_64; rv:36.0) Gecko/20100101 Firefox/36.0',
)
[ info ] [ PARAM ] array (
)
[ info ] [ BEHAVIOR ] Run app\login\behavior\ListenLoginStatus->run @action_begin [ RunTime:0.000354s ]
[ info ] [ VIEW ] /www/wwwroot/ar/application/login/view/index/index.html [ array (
  0 => 'erromsg',
) ]
---------------------------------------------------------------
[ 2018-10-04T03:47:22+08:00 ] 119.23.139.140 GET /
[运行时间：0.015224s] [吞吐率：65.69req/s] [内存消耗：1,823.96kb] [文件加载：72]
[ error ] [8]Undefined index: HTTP_HOST[/www/wwwroot/ar/config/app.php:152]
[ info ] [ LANG ] /www/wwwroot/ar/thinkphp/lang/zh-cn.php
[ info ] [ ROUTE ] array (
)
[ info ] [ HEADER ] array (
)
[ info ] [ PARAM ] array (
)
---------------------------------------------------------------
[ 2018-10-04T03:50:37+08:00 ] 140.205.205.29 HEAD hihill.cn/
[运行时间：0.014588s] [吞吐率：68.55req/s] [内存消耗：1,784.13kb] [文件加载：69]
[ info ] [ LANG ] /www/wwwroot/ar/thinkphp/lang/zh-cn.php
[ info ] [ ROUTE ] array (
)
[ info ] [ HEADER ] array (
  'connection' => 'close',
  'user-agent' => 'Go-http-client/1.1',
  'host' => 'hihill.cn',
)
[ info ] [ PARAM ] array (
)
---------------------------------------------------------------
[ 2018-10-04T04:02:23+08:00 ] 106.15.176.145 GET www.hihill.cn/
[运行时间：0.014690s] [吞吐率：68.07req/s] [内存消耗：1,785.23kb] [文件加载：69]
[ info ] [ LANG ] /www/wwwroot/ar/thinkphp/lang/zh-cn.php
[ info ] [ ROUTE ] array (
)
[ info ] [ HEADER ] array (
  'connection' => 'keep-alive',
  'accept' => 'text/html, image/gif, image/jpeg, *; q=.2, */*; q=.2',
  'host' => 'www.hihill.cn',
  'user-agent' => 'Mozilla/5.0 (iPhone; CPU iPhone OS 8_0_2 like Mac OS X)',
)
[ info ] [ PARAM ] array (
)
---------------------------------------------------------------
[ 2018-10-04T04:02:23+08:00 ] 106.15.176.145 GET www.hihill.cn/Login/index/index.html
[运行时间：0.014474s] [吞吐率：69.09req/s] [内存消耗：1,749.02kb] [文件加载：69]
[ info ] [ LANG ] /www/wwwroot/ar/thinkphp/lang/zh-cn.php
[ info ] [ ROUTE ] array (
)
[ info ] [ HEADER ] array (
  'connection' => 'keep-alive',
  'accept' => 'text/html, image/gif, image/jpeg, *; q=.2, */*; q=.2',
  'host' => 'www.hihill.cn',
  'user-agent' => 'Mozilla/5.0 (iPhone; CPU iPhone OS 8_0_2 like Mac OS X)',
)
[ info ] [ PARAM ] array (
)
[ info ] [ BEHAVIOR ] Run app\login\behavior\ListenLoginStatus->run @action_begin [ RunTime:0.000230s ]
[ info ] [ VIEW ] /www/wwwroot/ar/application/login/view/index/index.html [ array (
  0 => 'erromsg',
) ]
---------------------------------------------------------------
[ 2018-10-04T05:04:07+08:00 ] 183.60.210.46 GET 121.196.216.77/
[运行时间：0.014664s] [吞吐率：68.19req/s] [内存消耗：1,785.44kb] [文件加载：69]
[ info ] [ LANG ] /www/wwwroot/ar/thinkphp/lang/zh-cn.php
[ info ] [ ROUTE ] array (
)
[ info ] [ HEADER ] array (
  'host' => '121.196.216.77',
  'user-agent' => 'Mozilla/4.0 (compatible; MSIE 9.0; Windows NT 6.1)',
  'referer' => 'https://121.196.216.77',
  'accept-language' => 'zh-cn',
  'accept' => '*/*',
  'connection' => 'Keep-Alive',
)
[ info ] [ PARAM ] array (
)
---------------------------------------------------------------
[ 2018-10-04T05:04:07+08:00 ] 183.60.210.46 GET 121.196.216.77/Login/index/index.html
[运行时间：0.014835s] [吞吐率：67.41req/s] [内存消耗：1,749.33kb] [文件加载：69]
[ info ] [ LANG ] /www/wwwroot/ar/thinkphp/lang/zh-cn.php
[ info ] [ ROUTE ] array (
)
[ info ] [ HEADER ] array (
  'cookie' => 'PHPSESSID=hmeqi7e0inhed1uioq3jmc9cnm',
  'host' => '121.196.216.77',
  'user-agent' => 'Mozilla/4.0 (compatible; MSIE 9.0; Windows NT 6.1)',
  'referer' => 'https://121.196.216.77',
  'accept-language' => 'zh-cn',
  'accept' => '*/*',
  'connection' => 'Keep-Alive',
)
[ info ] [ PARAM ] array (
)
[ info ] [ BEHAVIOR ] Run app\login\behavior\ListenLoginStatus->run @action_begin [ RunTime:0.000192s ]
[ info ] [ VIEW ] /www/wwwroot/ar/application/login/view/index/index.html [ array (
  0 => 'erromsg',
) ]
---------------------------------------------------------------
[ 2018-10-04T09:20:01+08:00 ] 183.60.210.46 GET 121.196.216.77/
[运行时间：0.016332s] [吞吐率：61.23req/s] [内存消耗：1,785.44kb] [文件加载：69]
[ info ] [ LANG ] /www/wwwroot/ar/thinkphp/lang/zh-cn.php
[ info ] [ ROUTE ] array (
)
[ info ] [ HEADER ] array (
  'host' => '121.196.216.77',
  'user-agent' => 'Mozilla/4.0 (compatible; MSIE 9.0; Windows NT 6.1)',
  'referer' => 'https://121.196.216.77',
  'accept-language' => 'zh-cn',
  'accept' => '*/*',
  'connection' => 'Keep-Alive',
)
[ info ] [ PARAM ] array (
)
---------------------------------------------------------------
[ 2018-10-04T12:08:13+08:00 ] 183.136.190.62 GET www.hihill.cn/
[运行时间：0.014999s] [吞吐率：66.67req/s] [内存消耗：1,785.91kb] [文件加载：69]
[ info ] [ LANG ] /www/wwwroot/ar/thinkphp/lang/zh-cn.php
[ info ] [ ROUTE ] array (
)
[ info ] [ HEADER ] array (
  'connection' => 'close',
  'cache-control' => 'max-age=0',
  'accept-language' => 'zh-CN,zh;q=0.8',
  'accept-encoding' => '',
  'accept' => 'text/html,application/xhtml+xml,application/xml;q=0.9,image/webp,*/*;q=0.8',
  'user-agent' => 'Mozilla/5.0 (Windows NT 6.1) AppleWebKit/537.36 (KHTML, like Gecko) Chrome/35.0.1916.153 Safari/537.36',
  'host' => 'www.hihill.cn',
)
[ info ] [ PARAM ] array (
)
---------------------------------------------------------------
[ 2018-10-04T12:39:29+08:00 ] 180.169.191.142 GET www.hihill.cn/
[运行时间：0.014592s] [吞吐率：68.53req/s] [内存消耗：1,785.37kb] [文件加载：69]
[ info ] [ LANG ] /www/wwwroot/ar/thinkphp/lang/zh-cn.php
[ info ] [ ROUTE ] array (
)
[ info ] [ HEADER ] array (
  'accept-encoding' => 'gzip',
  'host' => 'www.hihill.cn',
  'connection' => 'close',
  'user-agent' => 'Mozilla/5.0 (Windows NT 10.0; Win64; x64) AppleWebKit/537.36 (KHTML, like Gecko) Chrome/62.0.3202.94 Safari/537.36',
)
[ info ] [ PARAM ] array (
)
---------------------------------------------------------------
[ 2018-10-04T12:39:29+08:00 ] 180.169.191.142 GET www.hihill.cn/Login/index/index.html
[运行时间：0.014846s] [吞吐率：67.36req/s] [内存消耗：1,749.26kb] [文件加载：69]
[ info ] [ LANG ] /www/wwwroot/ar/thinkphp/lang/zh-cn.php
[ info ] [ ROUTE ] array (
)
[ info ] [ HEADER ] array (
  'cookie' => 'PHPSESSID=ju16mage4ncc2h1accno4og8k0',
  'accept-encoding' => 'gzip',
  'host' => 'www.hihill.cn',
  'connection' => 'close',
  'user-agent' => 'Mozilla/5.0 (Windows NT 10.0; Win64; x64) AppleWebKit/537.36 (KHTML, like Gecko) Chrome/62.0.3202.94 Safari/537.36',
)
[ info ] [ PARAM ] array (
)
[ info ] [ BEHAVIOR ] Run app\login\behavior\ListenLoginStatus->run @action_begin [ RunTime:0.000197s ]
[ info ] [ VIEW ] /www/wwwroot/ar/application/login/view/index/index.html [ array (
  0 => 'erromsg',
) ]
---------------------------------------------------------------
[ 2018-10-04T12:54:45+08:00 ] 183.60.210.62 GET 121.196.216.77/
[运行时间：0.015893s] [吞吐率：62.92req/s] [内存消耗：1,785.44kb] [文件加载：69]
[ info ] [ LANG ] /www/wwwroot/ar/thinkphp/lang/zh-cn.php
[ info ] [ ROUTE ] array (
)
[ info ] [ HEADER ] array (
  'host' => '121.196.216.77',
  'user-agent' => 'Mozilla/4.0 (compatible; MSIE 9.0; Windows NT 6.1)',
  'referer' => 'https://121.196.216.77',
  'accept-language' => 'zh-cn',
  'accept' => '*/*',
  'connection' => 'Keep-Alive',
)
[ info ] [ PARAM ] array (
)
---------------------------------------------------------------
[ 2018-10-04T12:54:45+08:00 ] 183.60.210.62 GET 121.196.216.77/
[运行时间：0.025185s] [吞吐率：39.71req/s] [内存消耗：1,785.44kb] [文件加载：69]
[ info ] [ LANG ] /www/wwwroot/ar/thinkphp/lang/zh-cn.php
[ info ] [ ROUTE ] array (
)
[ info ] [ HEADER ] array (
  'host' => '121.196.216.77',
  'user-agent' => 'Mozilla/4.0 (compatible; MSIE 9.0; Windows NT 6.1)',
  'referer' => 'https://121.196.216.77',
  'accept-language' => 'zh-cn',
  'accept' => '*/*',
  'connection' => 'Keep-Alive',
)
[ info ] [ PARAM ] array (
)
---------------------------------------------------------------
[ 2018-10-04T12:54:45+08:00 ] 183.60.210.62 GET 121.196.216.77/Login/index/index.html
[运行时间：0.014905s] [吞吐率：67.09req/s] [内存消耗：1,749.33kb] [文件加载：69]
[ info ] [ LANG ] /www/wwwroot/ar/thinkphp/lang/zh-cn.php
[ info ] [ ROUTE ] array (
)
[ info ] [ HEADER ] array (
  'cookie' => 'PHPSESSID=q32noaubg28mekdlmv1pdvi87o',
  'host' => '121.196.216.77',
  'user-agent' => 'Mozilla/4.0 (compatible; MSIE 9.0; Windows NT 6.1)',
  'referer' => 'https://121.196.216.77',
  'accept-language' => 'zh-cn',
  'accept' => '*/*',
  'connection' => 'Keep-Alive',
)
[ info ] [ PARAM ] array (
)
[ info ] [ BEHAVIOR ] Run app\login\behavior\ListenLoginStatus->run @action_begin [ RunTime:0.000186s ]
[ info ] [ VIEW ] /www/wwwroot/ar/application/login/view/index/index.html [ array (
  0 => 'erromsg',
) ]
---------------------------------------------------------------
[ 2018-10-04T12:54:45+08:00 ] 183.60.210.62 GET 121.196.216.77/Login/index/index.html
[运行时间：0.015252s] [吞吐率：65.56req/s] [内存消耗：1,749.33kb] [文件加载：69]
[ info ] [ LANG ] /www/wwwroot/ar/thinkphp/lang/zh-cn.php
[ info ] [ ROUTE ] array (
)
[ info ] [ HEADER ] array (
  'cookie' => 'PHPSESSID=pef7hb8j27ii9rbvivmsq70vj9',
  'host' => '121.196.216.77',
  'user-agent' => 'Mozilla/4.0 (compatible; MSIE 9.0; Windows NT 6.1)',
  'referer' => 'https://121.196.216.77',
  'accept-language' => 'zh-cn',
  'accept' => '*/*',
  'connection' => 'Keep-Alive',
)
[ info ] [ PARAM ] array (
)
[ info ] [ BEHAVIOR ] Run app\login\behavior\ListenLoginStatus->run @action_begin [ RunTime:0.000203s ]
[ info ] [ VIEW ] /www/wwwroot/ar/application/login/view/index/index.html [ array (
  0 => 'erromsg',
) ]
---------------------------------------------------------------
[ 2018-10-04T16:04:24+08:00 ] 218.241.116.90 GET www.hihill.cn/
[运行时间：0.015247s] [吞吐率：65.59req/s] [内存消耗：1,785.13kb] [文件加载：69]
[ info ] [ LANG ] /www/wwwroot/ar/thinkphp/lang/zh-cn.php
[ info ] [ ROUTE ] array (
)
[ info ] [ HEADER ] array (
  'accept' => '*/*',
  'user-agent' => 'Mozilla/5.0 (Windows NT 6.1; Win64; x64) AppleWebKit/537.36 (KHTML, like Gecko) Chrome/46.0.2490.86 Safari/537.36',
  'host' => 'www.hihill.cn',
)
[ info ] [ PARAM ] array (
)
---------------------------------------------------------------
[ 2018-10-04T16:04:24+08:00 ] 218.241.116.90 GET www.hihill.cn/Login/index/index.html
[运行时间：0.015046s] [吞吐率：66.46req/s] [内存消耗：1,748.92kb] [文件加载：69]
[ info ] [ LANG ] /www/wwwroot/ar/thinkphp/lang/zh-cn.php
[ info ] [ ROUTE ] array (
)
[ info ] [ HEADER ] array (
  'accept' => '*/*',
  'user-agent' => 'Mozilla/5.0 (Windows NT 6.1; Win64; x64) AppleWebKit/537.36 (KHTML, like Gecko) Chrome/46.0.2490.86 Safari/537.36',
  'host' => 'www.hihill.cn',
)
[ info ] [ PARAM ] array (
)
[ info ] [ BEHAVIOR ] Run app\login\behavior\ListenLoginStatus->run @action_begin [ RunTime:0.000246s ]
[ info ] [ VIEW ] /www/wwwroot/ar/application/login/view/index/index.html [ array (
  0 => 'erromsg',
) ]
---------------------------------------------------------------
[ 2018-10-04T17:16:53+08:00 ] 183.60.210.62 GET 121.196.216.77/
[运行时间：0.014675s] [吞吐率：68.14req/s] [内存消耗：1,785.44kb] [文件加载：69]
[ info ] [ LANG ] /www/wwwroot/ar/thinkphp/lang/zh-cn.php
[ info ] [ ROUTE ] array (
)
[ info ] [ HEADER ] array (
  'host' => '121.196.216.77',
  'user-agent' => 'Mozilla/4.0 (compatible; MSIE 9.0; Windows NT 6.1)',
  'referer' => 'https://121.196.216.77',
  'accept-language' => 'zh-cn',
  'accept' => '*/*',
  'connection' => 'Keep-Alive',
)
[ info ] [ PARAM ] array (
)
---------------------------------------------------------------
[ 2018-10-04T21:13:07+08:00 ] 183.60.210.62 GET 121.196.216.77/
[运行时间：0.014611s] [吞吐率：68.44req/s] [内存消耗：1,785.44kb] [文件加载：69]
[ info ] [ LANG ] /www/wwwroot/ar/thinkphp/lang/zh-cn.php
[ info ] [ ROUTE ] array (
)
[ info ] [ HEADER ] array (
  'host' => '121.196.216.77',
  'user-agent' => 'Mozilla/4.0 (compatible; MSIE 9.0; Windows NT 6.1)',
  'referer' => 'https://121.196.216.77',
  'accept-language' => 'zh-cn',
  'accept' => '*/*',
  'connection' => 'Keep-Alive',
)
[ info ] [ PARAM ] array (
)
---------------------------------------------------------------
[ 2018-10-04T21:13:08+08:00 ] 183.60.210.62 GET 121.196.216.77/Login/index/index.html
[运行时间：0.014610s] [吞吐率：68.45req/s] [内存消耗：1,749.33kb] [文件加载：69]
[ info ] [ LANG ] /www/wwwroot/ar/thinkphp/lang/zh-cn.php
[ info ] [ ROUTE ] array (
)
[ info ] [ HEADER ] array (
  'cookie' => 'PHPSESSID=3oiribititjc0ih5mtesdcj8lv',
  'host' => '121.196.216.77',
  'user-agent' => 'Mozilla/4.0 (compatible; MSIE 9.0; Windows NT 6.1)',
  'referer' => 'https://121.196.216.77',
  'accept-language' => 'zh-cn',
  'accept' => '*/*',
  'connection' => 'Keep-Alive',
)
[ info ] [ PARAM ] array (
)
[ info ] [ BEHAVIOR ] Run app\login\behavior\ListenLoginStatus->run @action_begin [ RunTime:0.000188s ]
[ info ] [ VIEW ] /www/wwwroot/ar/application/login/view/index/index.html [ array (
  0 => 'erromsg',
) ]
---------------------------------------------------------------
[ 2018-10-04T21:14:57+08:00 ] 117.136.6.115 GET www.hihill.cn/
[运行时间：0.016111s] [吞吐率：62.07req/s] [内存消耗：1,785.84kb] [文件加载：69]
[ info ] [ LANG ] /www/wwwroot/ar/thinkphp/lang/zh-cn.php
[ info ] [ ROUTE ] array (
)
[ info ] [ HEADER ] array (
  'host' => 'www.hihill.cn',
  'accept-encoding' => 'br, gzip, deflate',
  'accept-language' => 'zh-cn',
  'accept' => 'text/html,application/xhtml+xml,application/xml;q=0.9,*/*;q=0.8',
  'user-agent' => 'Mozilla/5.0 (iPhone; CPU iPhone OS 12_0 like Mac OS X) AppleWebKit/605.1.15 (KHTML, like Gecko) Version/12.0 Mobile/15E148 Safari/604.1',
)
[ info ] [ PARAM ] array (
)
---------------------------------------------------------------
[ 2018-10-04T21:14:57+08:00 ] 117.136.6.115 GET www.hihill.cn/Login/index/index.html
[运行时间：0.016350s] [吞吐率：61.16req/s] [内存消耗：1,749.60kb] [文件加载：69]
[ info ] [ LANG ] /www/wwwroot/ar/thinkphp/lang/zh-cn.php
[ info ] [ ROUTE ] array (
)
[ info ] [ HEADER ] array (
  'host' => 'www.hihill.cn',
  'accept-encoding' => 'br, gzip, deflate',
  'accept-language' => 'zh-cn',
  'user-agent' => 'Mozilla/5.0 (iPhone; CPU iPhone OS 12_0 like Mac OS X) AppleWebKit/605.1.15 (KHTML, like Gecko) Version/12.0 Mobile/15E148 Safari/604.1',
  'accept' => 'text/html,application/xhtml+xml,application/xml;q=0.9,*/*;q=0.8',
  'cookie' => 'PHPSESSID=nmgtup550eomf32d6n07bq8h2d',
)
[ info ] [ PARAM ] array (
)
[ info ] [ BEHAVIOR ] Run app\login\behavior\ListenLoginStatus->run @action_begin [ RunTime:0.000203s ]
[ info ] [ VIEW ] /www/wwwroot/ar/application/login/view/index/index.html [ array (
  0 => 'erromsg',
) ]
---------------------------------------------------------------
[ 2018-10-04T21:15:09+08:00 ] 117.136.6.115 POST www.hihill.cn/login/index/checklogin.html
[运行时间：0.030750s] [吞吐率：32.52req/s] [内存消耗：2,941.58kb] [文件加载：82]
[ info ] [ LANG ] /www/wwwroot/ar/thinkphp/lang/zh-cn.php
[ info ] [ ROUTE ] array (
)
[ info ] [ HEADER ] array (
  'host' => 'www.hihill.cn',
  'accept-encoding' => 'br, gzip, deflate',
  'referer' => 'https://www.hihill.cn/Login/index/index.html',
  'user-agent' => 'Mozilla/5.0 (iPhone; CPU iPhone OS 12_0 like Mac OS X) AppleWebKit/605.1.15 (KHTML, like Gecko) Version/12.0 Mobile/15E148 Safari/604.1',
  'accept-language' => 'zh-cn',
  'origin' => 'https://www.hihill.cn',
  'accept' => 'text/html,application/xhtml+xml,application/xml;q=0.9,*/*;q=0.8',
  'cookie' => 'PHPSESSID=nmgtup550eomf32d6n07bq8h2d',
  'content-type' => 'application/x-www-form-urlencoded',
  'content-length' => '30',
)
[ info ] [ PARAM ] array (
  'username' => 'admin',
  'password' => '888888',
)
[ info ] [ BEHAVIOR ] Run app\login\behavior\ListenLoginStatus->run @action_begin [ RunTime:0.000203s ]
[ info ] [ DB ] INIT mysql
[ sql ] [ DB ] CONNECT:[ UseTime:0.002355s ] mysql:host=121.196.216.77;dbname=arwawa;charset=utf8mb4
[ sql ] [ SQL ] SHOW COLUMNS FROM `cn_admin` [ RunTime:0.002115s ]
[ sql ] [ SQL ] SELECT * FROM `cn_admin` WHERE  `username` = 'admin'  AND `password` = '0d5e6f4206490b5a86273c41dd8c2250' LIMIT 1 [ RunTime:0.001679s ]
[ sql ] [ EXPLAIN : array (
  'id' => 1,
  'select_type' => 'SIMPLE',
  'table' => 'cn_admin',
  'type' => 'ALL',
  'possible_keys' => NULL,
  'key' => NULL,
  'key_len' => NULL,
  'ref' => NULL,
  'rows' => 2,
  'extra' => 'Using where',
) ]
---------------------------------------------------------------
[ 2018-10-04T21:15:09+08:00 ] 117.136.6.115 GET www.hihill.cn/admin/index/index.html
[运行时间：0.018795s] [吞吐率：53.21req/s] [内存消耗：2,187.82kb] [文件加载：80]
[ info ] [ LANG ] /www/wwwroot/ar/thinkphp/lang/zh-cn.php
[ info ] [ ROUTE ] array (
)
[ info ] [ HEADER ] array (
  'host' => 'www.hihill.cn',
  'referer' => 'https://www.hihill.cn/Login/index/index.html',
  'accept-language' => 'zh-cn',
  'user-agent' => 'Mozilla/5.0 (iPhone; CPU iPhone OS 12_0 like Mac OS X) AppleWebKit/605.1.15 (KHTML, like Gecko) Version/12.0 Mobile/15E148 Safari/604.1',
  'accept-encoding' => 'br, gzip, deflate',
  'origin' => 'https://www.hihill.cn',
  'accept' => 'text/html,application/xhtml+xml,application/xml;q=0.9,*/*;q=0.8',
  'cookie' => 'PHPSESSID=nmgtup550eomf32d6n07bq8h2d',
)
[ info ] [ PARAM ] array (
)
[ info ] [ VIEW ] /www/wwwroot/ar/application/admin/view/index/index.html [ array (
  0 => 'top_menu_active',
  1 => 'left_menu_active',
) ]
[ error ] [8]未定义数组索引: display[/www/wwwroot/ar/runtime/temp/d182ad33d45511906c350ce5392a2a28.php:140]
[ error ] [8]未定义数组索引: display[/www/wwwroot/ar/runtime/temp/d182ad33d45511906c350ce5392a2a28.php:140]
[ error ] [8]未定义数组索引: display[/www/wwwroot/ar/runtime/temp/d182ad33d45511906c350ce5392a2a28.php:140]
[ error ] [8]未定义数组索引: display[/www/wwwroot/ar/runtime/temp/d182ad33d45511906c350ce5392a2a28.php:140]
[ error ] [8]未定义数组索引: display[/www/wwwroot/ar/runtime/temp/d182ad33d45511906c350ce5392a2a28.php:140]
[ error ] [8]未定义数组索引: display[/www/wwwroot/ar/runtime/temp/d182ad33d45511906c350ce5392a2a28.php:140]
[ error ] [8]未定义数组索引: display[/www/wwwroot/ar/runtime/temp/d182ad33d45511906c350ce5392a2a28.php:140]
[ error ] [8]未定义数组索引: display[/www/wwwroot/ar/runtime/temp/d182ad33d45511906c350ce5392a2a28.php:140]
---------------------------------------------------------------
[ 2018-10-04T21:15:13+08:00 ] 117.136.6.115 GET www.hihill.cn/admin/index/images/favicon.ico
[运行时间：0.015999s] [吞吐率：62.50req/s] [内存消耗：1,792.89kb] [文件加载：70]
[ info ] [ LANG ] /www/wwwroot/ar/thinkphp/lang/zh-cn.php
[ info ] [ ROUTE ] array (
)
[ info ] [ HEADER ] array (
  'host' => 'www.hihill.cn',
  'referer' => 'https://www.hihill.cn/admin/index/index.html',
  'accept-language' => 'zh-cn',
  'user-agent' => 'Mozilla/5.0 (iPhone; CPU iPhone OS 12_0 like Mac OS X) AppleWebKit/605.1.15 (KHTML, like Gecko) Version/12.0 Mobile/15E148 Safari/604.1',
  'accept-encoding' => 'br, gzip, deflate',
  'accept' => '*/*',
  'cookie' => 'PHPSESSID=nmgtup550eomf32d6n07bq8h2d',
)
[ info ] [ PARAM ] array (
)
---------------------------------------------------------------
[ 2018-10-04T21:15:22+08:00 ] 117.136.6.115 GET www.hihill.cn/admin/games/index.html
[运行时间：0.058275s] [吞吐率：17.16req/s] [内存消耗：3,196.66kb] [文件加载：91]
[ info ] [ LANG ] /www/wwwroot/ar/thinkphp/lang/zh-cn.php
[ info ] [ ROUTE ] array (
)
[ info ] [ HEADER ] array (
  'host' => 'www.hihill.cn',
  'referer' => 'https://www.hihill.cn/admin/index/index.html',
  'accept-language' => 'zh-cn',
  'user-agent' => 'Mozilla/5.0 (iPhone; CPU iPhone OS 12_0 like Mac OS X) AppleWebKit/605.1.15 (KHTML, like Gecko) Version/12.0 Mobile/15E148 Safari/604.1',
  'accept-encoding' => 'br, gzip, deflate',
  'accept' => 'text/html,application/xhtml+xml,application/xml;q=0.9,*/*;q=0.8',
  'cookie' => 'PHPSESSID=nmgtup550eomf32d6n07bq8h2d',
)
[ info ] [ PARAM ] array (
)
[ info ] [ DB ] INIT mysql
[ info ] [ VIEW ] /www/wwwroot/ar/application/admin/view/games/index.html [ array (
  0 => 'top_menu_active',
  1 => 'left_menu_active',
  2 => 'list',
) ]
[ sql ] [ DB ] CONNECT:[ UseTime:0.003573s ] mysql:host=121.196.216.77;dbname=arwawa;charset=utf8mb4
[ sql ] [ SQL ] SHOW COLUMNS FROM `cn_game` [ RunTime:0.003027s ]
[ sql ] [ SQL ] SELECT COUNT(*) AS tp_count FROM `cn_game` WHERE  `status` > 0 LIMIT 1 [ RunTime:0.002372s ]
[ sql ] [ EXPLAIN : array (
  'id' => 1,
  'select_type' => 'SIMPLE',
  'table' => 'cn_game',
  'type' => 'ALL',
  'possible_keys' => NULL,
  'key' => NULL,
  'key_len' => NULL,
  'ref' => NULL,
  'rows' => 12,
  'extra' => 'Using where',
) ]
[ sql ] [ SQL ] SELECT * FROM `cn_game` WHERE  `status` > 0 ORDER BY `sort` DESC LIMIT 0,10 [ RunTime:0.002330s ]
[ sql ] [ EXPLAIN : array (
  'id' => 1,
  'select_type' => 'SIMPLE',
  'table' => 'cn_game',
  'type' => 'ALL',
  'possible_keys' => NULL,
  'key' => NULL,
  'key_len' => NULL,
  'ref' => NULL,
  'rows' => 12,
  'extra' => 'Using where; Using filesort',
) ]
[ sql ] [ SQL ] SHOW COLUMNS FROM `cn_game_1_material` [ RunTime:0.002749s ]
[ sql ] [ SQL ] SELECT * FROM `cn_game_1_material` WHERE  `id` = 15 LIMIT 1 [ RunTime:0.002374s ]
[ sql ] [ EXPLAIN : array (
  'id' => 1,
  'select_type' => 'SIMPLE',
  'table' => 'cn_game_1_material',
  'type' => 'const',
  'possible_keys' => 'PRIMARY',
  'key' => 'PRIMARY',
  'key_len' => '4',
  'ref' => 'const',
  'rows' => 1,
  'extra' => NULL,
) ]
[ warn ] SQL:SELECT * FROM `cn_game` WHERE  `status` > :where_AND_status ORDER BY `sort` DESC LIMIT 0,10  [Using where; Using filesort]
[ error ] [8]未定义数组索引: display[/www/wwwroot/ar/runtime/temp/4750a83ea76bd135067c754e758e3662.php:140]
[ error ] [8]未定义数组索引: display[/www/wwwroot/ar/runtime/temp/4750a83ea76bd135067c754e758e3662.php:140]
[ error ] [8]未定义数组索引: display[/www/wwwroot/ar/runtime/temp/4750a83ea76bd135067c754e758e3662.php:140]
[ error ] [8]未定义数组索引: display[/www/wwwroot/ar/runtime/temp/4750a83ea76bd135067c754e758e3662.php:140]
[ error ] [8]未定义数组索引: display[/www/wwwroot/ar/runtime/temp/4750a83ea76bd135067c754e758e3662.php:140]
[ error ] [8]未定义数组索引: display[/www/wwwroot/ar/runtime/temp/4750a83ea76bd135067c754e758e3662.php:140]
[ error ] [8]未定义数组索引: display[/www/wwwroot/ar/runtime/temp/4750a83ea76bd135067c754e758e3662.php:140]
---------------------------------------------------------------
[ 2018-10-04T21:15:22+08:00 ] 117.136.6.115 GET www.hihill.cn/admin/games/images/favicon.ico
[运行时间：0.017409s] [吞吐率：57.44req/s] [内存消耗：1,805.25kb] [文件加载：70]
[ info ] [ LANG ] /www/wwwroot/ar/thinkphp/lang/zh-cn.php
[ info ] [ ROUTE ] array (
)
[ info ] [ HEADER ] array (
  'host' => 'www.hihill.cn',
  'referer' => 'https://www.hihill.cn/admin/games/index.html',
  'accept-language' => 'zh-cn',
  'user-agent' => 'Mozilla/5.0 (iPhone; CPU iPhone OS 12_0 like Mac OS X) AppleWebKit/605.1.15 (KHTML, like Gecko) Version/12.0 Mobile/15E148 Safari/604.1',
  'accept-encoding' => 'br, gzip, deflate',
  'accept' => '*/*',
  'cookie' => 'PHPSESSID=nmgtup550eomf32d6n07bq8h2d',
)
[ info ] [ PARAM ] array (
)
---------------------------------------------------------------
[ 2018-10-04T21:15:24+08:00 ] 117.136.6.115 GET www.hihill.cn/admin/materials/index/games_id/15.html
[运行时间：0.040642s] [吞吐率：24.61req/s] [内存消耗：3,265.01kb] [文件加载：88]
[ info ] [ LANG ] /www/wwwroot/ar/thinkphp/lang/zh-cn.php
[ info ] [ ROUTE ] array (
)
[ info ] [ HEADER ] array (
  'host' => 'www.hihill.cn',
  'referer' => 'https://www.hihill.cn/admin/games/index.html',
  'accept-language' => 'zh-cn',
  'user-agent' => 'Mozilla/5.0 (iPhone; CPU iPhone OS 12_0 like Mac OS X) AppleWebKit/605.1.15 (KHTML, like Gecko) Version/12.0 Mobile/15E148 Safari/604.1',
  'accept-encoding' => 'br, gzip, deflate',
  'accept' => 'text/html,application/xhtml+xml,application/xml;q=0.9,*/*;q=0.8',
  'cookie' => 'PHPSESSID=nmgtup550eomf32d6n07bq8h2d',
)
[ info ] [ PARAM ] array (
  'games_id' => '15',
)
[ info ] [ DB ] INIT mysql
[ info ] [ VIEW ] /www/wwwroot/ar/application/admin/view/materials/index.html [ array (
  0 => 'top_menu_active',
  1 => 'left_menu_active',
  2 => 'gameData',
  3 => 'materailData',
) ]
[ sql ] [ DB ] CONNECT:[ UseTime:0.002743s ] mysql:host=121.196.216.77;dbname=arwawa;charset=utf8mb4
[ sql ] [ SQL ] SHOW COLUMNS FROM `cn_game` [ RunTime:0.002241s ]
[ sql ] [ SQL ] SELECT * FROM `cn_game` WHERE  `id` = 15 LIMIT 1 [ RunTime:0.001792s ]
[ sql ] [ EXPLAIN : array (
  'id' => 1,
  'select_type' => 'SIMPLE',
  'table' => 'cn_game',
  'type' => 'const',
  'possible_keys' => 'PRIMARY',
  'key' => 'PRIMARY',
  'key_len' => '4',
  'ref' => 'const',
  'rows' => 1,
  'extra' => NULL,
) ]
[ sql ] [ SQL ] SHOW COLUMNS FROM `cn_game_1_material` [ RunTime:0.002180s ]
[ sql ] [ SQL ] SELECT * FROM `cn_game_1_material` WHERE  `id` = 15 LIMIT 1 [ RunTime:0.001820s ]
[ sql ] [ EXPLAIN : array (
  'id' => 1,
  'select_type' => 'SIMPLE',
  'table' => 'cn_game_1_material',
  'type' => 'const',
  'possible_keys' => 'PRIMARY',
  'key' => 'PRIMARY',
  'key_len' => '4',
  'ref' => 'const',
  'rows' => 1,
  'extra' => NULL,
) ]
[ error ] [8]未定义数组索引: display[/www/wwwroot/ar/runtime/temp/8599d01374703cb1918a7caab398dddc.php:140]
[ error ] [8]未定义数组索引: display[/www/wwwroot/ar/runtime/temp/8599d01374703cb1918a7caab398dddc.php:140]
[ error ] [8]未定义数组索引: display[/www/wwwroot/ar/runtime/temp/8599d01374703cb1918a7caab398dddc.php:140]
[ error ] [8]未定义数组索引: display[/www/wwwroot/ar/runtime/temp/8599d01374703cb1918a7caab398dddc.php:140]
[ error ] [8]未定义数组索引: display[/www/wwwroot/ar/runtime/temp/8599d01374703cb1918a7caab398dddc.php:140]
[ error ] [8]未定义数组索引: display[/www/wwwroot/ar/runtime/temp/8599d01374703cb1918a7caab398dddc.php:140]
[ error ] [8]未定义数组索引: display[/www/wwwroot/ar/runtime/temp/8599d01374703cb1918a7caab398dddc.php:140]
---------------------------------------------------------------
[ 2018-10-04T21:15:25+08:00 ] 117.136.6.115 GET www.hihill.cn/admin/materials/index/games_id/images/favicon.ico
[运行时间：0.034021s] [吞吐率：29.39req/s] [内存消耗：2,927.88kb] [文件加载：81]
[ info ] [ LANG ] /www/wwwroot/ar/thinkphp/lang/zh-cn.php
[ info ] [ ROUTE ] array (
)
[ info ] [ HEADER ] array (
  'host' => 'www.hihill.cn',
  'referer' => 'https://www.hihill.cn/admin/materials/index/games_id/15.html',
  'accept-language' => 'zh-cn',
  'user-agent' => 'Mozilla/5.0 (iPhone; CPU iPhone OS 12_0 like Mac OS X) AppleWebKit/605.1.15 (KHTML, like Gecko) Version/12.0 Mobile/15E148 Safari/604.1',
  'accept-encoding' => 'br, gzip, deflate',
  'accept' => '*/*',
  'cookie' => 'PHPSESSID=nmgtup550eomf32d6n07bq8h2d',
)
[ info ] [ PARAM ] array (
  'games_id' => 'images',
)
[ info ] [ DB ] INIT mysql
[ info ] [ VIEW ] /www/wwwroot/ar/thinkphp/tpl/dispatch_jump.tpl [ array (
  0 => 'top_menu_active',
  1 => 'left_menu_active',
  2 => 'code',
  3 => 'msg',
  4 => 'data',
  5 => 'url',
  6 => 'wait',
) ]
[ sql ] [ DB ] CONNECT:[ UseTime:0.003521s ] mysql:host=121.196.216.77;dbname=arwawa;charset=utf8mb4
[ sql ] [ SQL ] SHOW COLUMNS FROM `cn_game` [ RunTime:0.002891s ]
[ sql ] [ SQL ] SELECT * FROM `cn_game` WHERE  `id` = 0 LIMIT 1 [ RunTime:0.002394s ]
[ sql ] [ EXPLAIN : array (
  'id' => 1,
  'select_type' => 'SIMPLE',
  'table' => NULL,
  'type' => NULL,
  'possible_keys' => NULL,
  'key' => NULL,
  'key_len' => NULL,
  'ref' => NULL,
  'rows' => NULL,
  'extra' => 'Impossible WHERE noticed after reading const tables',
) ]
---------------------------------------------------------------
[ 2018-10-04T21:21:03+08:00 ] 74.82.47.4 GET 121.196.216.77/
[运行时间：0.014924s] [吞吐率：67.01req/s] [内存消耗：1,784.59kb] [文件加载：69]
[ info ] [ LANG ] /www/wwwroot/ar/thinkphp/lang/zh-cn.php
[ info ] [ ROUTE ] array (
)
[ info ] [ HEADER ] array (
  'host' => '121.196.216.77',
)
[ info ] [ PARAM ] array (
)
---------------------------------------------------------------
[ 2018-10-04T22:52:04+08:00 ] 60.191.38.77 GET 121.196.216.77:443/
[运行时间：0.014653s] [吞吐率：68.25req/s] [内存消耗：1,785.23kb] [文件加载：69]
[ info ] [ LANG ] /www/wwwroot/ar/thinkphp/lang/zh-cn.php
[ info ] [ ROUTE ] array (
)
[ info ] [ HEADER ] array (
  'connection' => 'keep-alive',
  'accept' => '*/*',
  'user-agent' => 'Mozilla/5.0 (Macintosh; Intel Mac OS X 10.11; rv:47.0) Gecko/20100101 Firefox/47.0',
  'host' => '121.196.216.77:443',
)
[ info ] [ PARAM ] array (
)
---------------------------------------------------------------
[ 2018-10-04T22:52:04+08:00 ] 60.191.38.77 GET 121.196.216.77:443/Login/index/index.html
[运行时间：0.014982s] [吞吐率：66.75req/s] [内存消耗：1,749.02kb] [文件加载：69]
[ info ] [ LANG ] /www/wwwroot/ar/thinkphp/lang/zh-cn.php
[ info ] [ ROUTE ] array (
)
[ info ] [ HEADER ] array (
  'connection' => 'keep-alive',
  'accept' => '*/*',
  'user-agent' => 'Mozilla/5.0 (Macintosh; Intel Mac OS X 10.11; rv:47.0) Gecko/20100101 Firefox/47.0',
  'host' => '121.196.216.77:443',
)
[ info ] [ PARAM ] array (
)
[ info ] [ BEHAVIOR ] Run app\login\behavior\ListenLoginStatus->run @action_begin [ RunTime:0.000228s ]
[ info ] [ VIEW ] /www/wwwroot/ar/application/login/view/index/index.html [ array (
  0 => 'erromsg',
) ]
