---------------------------------------------------------------
[ 2018-10-05T00:58:48+08:00 ] 180.76.15.14 GET www.hihill.cn/blog/vendor/
[运行时间：0.011597s] [吞吐率：86.23req/s] [内存消耗：1,299.45kb] [文件加载：51]
[ info ] [ LANG ] /www/wwwroot/ar/thinkphp/lang/zh-cn.php
---------------------------------------------------------------
[ 2018-10-05T01:08:14+08:00 ] 222.186.31.240 GET 121.196.216.77/
[运行时间：0.016149s] [吞吐率：61.92req/s] [内存消耗：1,785.44kb] [文件加载：69]
[ info ] [ LANG ] /www/wwwroot/ar/thinkphp/lang/zh-cn.php
[ info ] [ ROUTE ] array (
)
[ info ] [ HEADER ] array (
  'host' => '121.196.216.77',
  'user-agent' => 'Mozilla/4.0 (compatible; MSIE 9.0; Windows NT 6.1)',
  'referer' => 'https://121.196.216.77',
  'accept-language' => 'zh-cn',
  'accept' => '*/*',
  'connection' => 'Keep-Alive',
)
[ info ] [ PARAM ] array (
)
---------------------------------------------------------------
[ 2018-10-05T01:31:53+08:00 ] 47.52.210.105 GET /
[运行时间：0.015036s] [吞吐率：66.51req/s] [内存消耗：1,823.96kb] [文件加载：72]
[ error ] [8]Undefined index: HTTP_HOST[/www/wwwroot/ar/config/app.php:152]
[ info ] [ LANG ] /www/wwwroot/ar/thinkphp/lang/zh-cn.php
[ info ] [ ROUTE ] array (
)
[ info ] [ HEADER ] array (
)
[ info ] [ PARAM ] array (
)
---------------------------------------------------------------
[ 2018-10-05T02:24:09+08:00 ] 140.205.205.25 HEAD www.hihill.cn:443/
[运行时间：0.014816s] [吞吐率：67.49req/s] [内存消耗：1,784.20kb] [文件加载：69]
[ info ] [ LANG ] /www/wwwroot/ar/thinkphp/lang/zh-cn.php
[ info ] [ ROUTE ] array (
)
[ info ] [ HEADER ] array (
  'connection' => 'close',
  'user-agent' => 'Go-http-client/1.1',
  'host' => 'www.hihill.cn:443',
)
[ info ] [ PARAM ] array (
)
---------------------------------------------------------------
[ 2018-10-05T05:09:18+08:00 ] 183.60.210.46 GET 121.196.216.77/
[运行时间：0.020233s] [吞吐率：49.42req/s] [内存消耗：1,785.44kb] [文件加载：69]
[ info ] [ LANG ] /www/wwwroot/ar/thinkphp/lang/zh-cn.php
[ info ] [ ROUTE ] array (
)
[ info ] [ HEADER ] array (
  'host' => '121.196.216.77',
  'user-agent' => 'Mozilla/4.0 (compatible; MSIE 9.0; Windows NT 6.1)',
  'referer' => 'https://121.196.216.77',
  'accept-language' => 'zh-cn',
  'accept' => '*/*',
  'connection' => 'Keep-Alive',
)
[ info ] [ PARAM ] array (
)
---------------------------------------------------------------
[ 2018-10-05T05:09:18+08:00 ] 183.60.210.62 GET 121.196.216.77/
[运行时间：0.014870s] [吞吐率：67.25req/s] [内存消耗：1,785.44kb] [文件加载：69]
[ info ] [ LANG ] /www/wwwroot/ar/thinkphp/lang/zh-cn.php
[ info ] [ ROUTE ] array (
)
[ info ] [ HEADER ] array (
  'host' => '121.196.216.77',
  'user-agent' => 'Mozilla/4.0 (compatible; MSIE 9.0; Windows NT 6.1)',
  'referer' => 'https://121.196.216.77',
  'accept-language' => 'zh-cn',
  'accept' => '*/*',
  'connection' => 'Keep-Alive',
)
[ info ] [ PARAM ] array (
)
---------------------------------------------------------------
[ 2018-10-05T05:09:18+08:00 ] 183.60.210.62 GET 121.196.216.77/Login/index/index.html
[运行时间：0.015221s] [吞吐率：65.70req/s] [内存消耗：1,749.33kb] [文件加载：69]
[ info ] [ LANG ] /www/wwwroot/ar/thinkphp/lang/zh-cn.php
[ info ] [ ROUTE ] array (
)
[ info ] [ HEADER ] array (
  'cookie' => 'PHPSESSID=0g1omogaphvepg4iq4ll4u3e7h',
  'host' => '121.196.216.77',
  'user-agent' => 'Mozilla/4.0 (compatible; MSIE 9.0; Windows NT 6.1)',
  'referer' => 'https://121.196.216.77',
  'accept-language' => 'zh-cn',
  'accept' => '*/*',
  'connection' => 'Keep-Alive',
)
[ info ] [ PARAM ] array (
)
[ info ] [ BEHAVIOR ] Run app\login\behavior\ListenLoginStatus->run @action_begin [ RunTime:0.000197s ]
[ info ] [ VIEW ] /www/wwwroot/ar/application/login/view/index/index.html [ array (
  0 => 'erromsg',
) ]
---------------------------------------------------------------
[ 2018-10-05T06:20:59+08:00 ] 47.97.10.19 GET /
[运行时间：0.015375s] [吞吐率：65.04req/s] [内存消耗：1,823.96kb] [文件加载：72]
[ error ] [8]Undefined index: HTTP_HOST[/www/wwwroot/ar/config/app.php:152]
[ info ] [ LANG ] /www/wwwroot/ar/thinkphp/lang/zh-cn.php
[ info ] [ ROUTE ] array (
)
[ info ] [ HEADER ] array (
)
[ info ] [ PARAM ] array (
)
---------------------------------------------------------------
[ 2018-10-05T09:32:12+08:00 ] 106.75.92.187 GET 121.196.216.77:443/
[运行时间：0.015499s] [吞吐率：64.52req/s] [内存消耗：1,785.74kb] [文件加载：69]
[ info ] [ LANG ] /www/wwwroot/ar/thinkphp/lang/zh-cn.php
[ info ] [ ROUTE ] array (
)
[ info ] [ HEADER ] array (
  'accept' => 'application/json, text/plain, */*',
  'accept-charset' => 'GBK,utf-8;q=0.7,*;q=0.3',
  'accept-language' => 'zh-CN,zh;q=0.8,en-US;q=0.5,en;q=0.3',
  'accept-encoding' => 'gzip, deflate, br',
  'user-agent' => 'Mozilla/5.0 (Windows NT 6.1; WOW64; rv:52.0) Gecko/20100101 Firefox/52.0',
  'host' => '121.196.216.77:443',
)
[ info ] [ PARAM ] array (
)
---------------------------------------------------------------
[ 2018-10-05T13:02:02+08:00 ] 183.60.210.46 GET 121.196.216.77/
[运行时间：0.015134s] [吞吐率：66.08req/s] [内存消耗：1,785.44kb] [文件加载：69]
[ info ] [ LANG ] /www/wwwroot/ar/thinkphp/lang/zh-cn.php
[ info ] [ ROUTE ] array (
)
[ info ] [ HEADER ] array (
  'host' => '121.196.216.77',
  'user-agent' => 'Mozilla/4.0 (compatible; MSIE 9.0; Windows NT 6.1)',
  'referer' => 'https://121.196.216.77',
  'accept-language' => 'zh-cn',
  'accept' => '*/*',
  'connection' => 'Keep-Alive',
)
[ info ] [ PARAM ] array (
)
---------------------------------------------------------------
[ 2018-10-05T13:02:03+08:00 ] 183.60.210.46 GET 121.196.216.77/Login/index/index.html
[运行时间：0.015120s] [吞吐率：66.14req/s] [内存消耗：1,749.33kb] [文件加载：69]
[ info ] [ LANG ] /www/wwwroot/ar/thinkphp/lang/zh-cn.php
[ info ] [ ROUTE ] array (
)
[ info ] [ HEADER ] array (
  'cookie' => 'PHPSESSID=gr7t0n0tp70tqc2tgcp5co2sds',
  'host' => '121.196.216.77',
  'user-agent' => 'Mozilla/4.0 (compatible; MSIE 9.0; Windows NT 6.1)',
  'referer' => 'https://121.196.216.77',
  'accept-language' => 'zh-cn',
  'accept' => '*/*',
  'connection' => 'Keep-Alive',
)
[ info ] [ PARAM ] array (
)
[ info ] [ BEHAVIOR ] Run app\login\behavior\ListenLoginStatus->run @action_begin [ RunTime:0.000201s ]
[ info ] [ VIEW ] /www/wwwroot/ar/application/login/view/index/index.html [ array (
  0 => 'erromsg',
) ]
---------------------------------------------------------------
[ 2018-10-05T14:02:33+08:00 ] 101.132.97.6 GET www.hihill.cn/
[运行时间：0.014644s] [吞吐率：68.29req/s] [内存消耗：1,785.36kb] [文件加载：69]
[ info ] [ LANG ] /www/wwwroot/ar/thinkphp/lang/zh-cn.php
[ info ] [ ROUTE ] array (
)
[ info ] [ HEADER ] array (
  'connection' => 'keep-alive',
  'accept' => 'text/html, image/gif, image/jpeg, *; q=.2, */*; q=.2',
  'host' => 'www.hihill.cn',
  'user-agent' => 'Mozilla/5.0 (X11; Ubuntu; Linux x86_64; rv:36.0) Gecko/20100101 Firefox/36.0',
)
[ info ] [ PARAM ] array (
)
---------------------------------------------------------------
[ 2018-10-05T14:02:33+08:00 ] 101.132.97.6 GET www.hihill.cn/Login/index/index.html
[运行时间：0.014852s] [吞吐率：67.33req/s] [内存消耗：1,749.09kb] [文件加载：69]
[ info ] [ LANG ] /www/wwwroot/ar/thinkphp/lang/zh-cn.php
[ info ] [ ROUTE ] array (
)
[ info ] [ HEADER ] array (
  'connection' => 'keep-alive',
  'accept' => 'text/html, image/gif, image/jpeg, *; q=.2, */*; q=.2',
  'host' => 'www.hihill.cn',
  'user-agent' => 'Mozilla/5.0 (X11; Ubuntu; Linux x86_64; rv:36.0) Gecko/20100101 Firefox/36.0',
)
[ info ] [ PARAM ] array (
)
[ info ] [ BEHAVIOR ] Run app\login\behavior\ListenLoginStatus->run @action_begin [ RunTime:0.000264s ]
[ info ] [ VIEW ] /www/wwwroot/ar/application/login/view/index/index.html [ array (
  0 => 'erromsg',
) ]
---------------------------------------------------------------
[ 2018-10-05T14:10:35+08:00 ] 52.53.201.78 GET www.hihill.cn/
[运行时间：0.014815s] [吞吐率：67.50req/s] [内存消耗：1,785.36kb] [文件加载：69]
[ info ] [ LANG ] /www/wwwroot/ar/thinkphp/lang/zh-cn.php
[ info ] [ ROUTE ] array (
)
[ info ] [ HEADER ] array (
  'accept-encoding' => 'gzip',
  'accept' => '*/*',
  'user-agent' => 'Mozilla/5.0 (Macintosh; Intel Mac OS X 10_12_6) AppleWebKit/537.36 (KHTML, like Gecko) Chrome/61.0.3163.100 Safari/537.36',
  'host' => 'www.hihill.cn',
)
[ info ] [ PARAM ] array (
)
---------------------------------------------------------------
[ 2018-10-05T14:10:36+08:00 ] 52.53.201.78 GET www.hihill.cn/Login/index/index.html
[运行时间：0.015060s] [吞吐率：66.40req/s] [内存消耗：1,749.24kb] [文件加载：69]
[ info ] [ LANG ] /www/wwwroot/ar/thinkphp/lang/zh-cn.php
[ info ] [ ROUTE ] array (
)
[ info ] [ HEADER ] array (
  'accept-encoding' => 'gzip',
  'referer' => 'http://www.hihill.cn/',
  'accept' => '*/*',
  'user-agent' => 'Mozilla/5.0 (Macintosh; Intel Mac OS X 10_12_6) AppleWebKit/537.36 (KHTML, like Gecko) Chrome/61.0.3163.100 Safari/537.36',
  'host' => 'www.hihill.cn',
)
[ info ] [ PARAM ] array (
)
[ info ] [ BEHAVIOR ] Run app\login\behavior\ListenLoginStatus->run @action_begin [ RunTime:0.000242s ]
[ info ] [ VIEW ] /www/wwwroot/ar/application/login/view/index/index.html [ array (
  0 => 'erromsg',
) ]
---------------------------------------------------------------
[ 2018-10-05T16:16:42+08:00 ] 47.97.216.82 GET www.hihill.cn/
[运行时间：0.015287s] [吞吐率：65.42req/s] [内存消耗：1,785.36kb] [文件加载：69]
[ info ] [ LANG ] /www/wwwroot/ar/thinkphp/lang/zh-cn.php
[ info ] [ ROUTE ] array (
)
[ info ] [ HEADER ] array (
  'connection' => 'keep-alive',
  'accept' => 'text/html, image/gif, image/jpeg, *; q=.2, */*; q=.2',
  'host' => 'www.hihill.cn',
  'user-agent' => 'Mozilla/5.0 (X11; Ubuntu; Linux x86_64; rv:36.0) Gecko/20100101 Firefox/36.0',
)
[ info ] [ PARAM ] array (
)
---------------------------------------------------------------
[ 2018-10-05T16:16:42+08:00 ] 47.97.216.82 GET www.hihill.cn/Login/index/index.html
[运行时间：0.015504s] [吞吐率：64.50req/s] [内存消耗：1,749.09kb] [文件加载：69]
[ info ] [ LANG ] /www/wwwroot/ar/thinkphp/lang/zh-cn.php
[ info ] [ ROUTE ] array (
)
[ info ] [ HEADER ] array (
  'connection' => 'keep-alive',
  'accept' => 'text/html, image/gif, image/jpeg, *; q=.2, */*; q=.2',
  'host' => 'www.hihill.cn',
  'user-agent' => 'Mozilla/5.0 (X11; Ubuntu; Linux x86_64; rv:36.0) Gecko/20100101 Firefox/36.0',
)
[ info ] [ PARAM ] array (
)
[ info ] [ BEHAVIOR ] Run app\login\behavior\ListenLoginStatus->run @action_begin [ RunTime:0.000257s ]
[ info ] [ VIEW ] /www/wwwroot/ar/application/login/view/index/index.html [ array (
  0 => 'erromsg',
) ]
---------------------------------------------------------------
[ 2018-10-05T17:05:48+08:00 ] 183.60.210.62 GET 121.196.216.77/
[运行时间：0.014671s] [吞吐率：68.16req/s] [内存消耗：1,785.44kb] [文件加载：69]
[ info ] [ LANG ] /www/wwwroot/ar/thinkphp/lang/zh-cn.php
[ info ] [ ROUTE ] array (
)
[ info ] [ HEADER ] array (
  'host' => '121.196.216.77',
  'user-agent' => 'Mozilla/4.0 (compatible; MSIE 9.0; Windows NT 6.1)',
  'referer' => 'https://121.196.216.77',
  'accept-language' => 'zh-cn',
  'accept' => '*/*',
  'connection' => 'Keep-Alive',
)
[ info ] [ PARAM ] array (
)
---------------------------------------------------------------
[ 2018-10-05T17:05:48+08:00 ] 183.60.210.62 GET 121.196.216.77/Login/index/index.html
[运行时间：0.015702s] [吞吐率：63.69req/s] [内存消耗：1,749.33kb] [文件加载：69]
[ info ] [ LANG ] /www/wwwroot/ar/thinkphp/lang/zh-cn.php
[ info ] [ ROUTE ] array (
)
[ info ] [ HEADER ] array (
  'cookie' => 'PHPSESSID=icbr4kimjbi0797opod85d08sa',
  'host' => '121.196.216.77',
  'user-agent' => 'Mozilla/4.0 (compatible; MSIE 9.0; Windows NT 6.1)',
  'referer' => 'https://121.196.216.77',
  'accept-language' => 'zh-cn',
  'accept' => '*/*',
  'connection' => 'Keep-Alive',
)
[ info ] [ PARAM ] array (
)
[ info ] [ BEHAVIOR ] Run app\login\behavior\ListenLoginStatus->run @action_begin [ RunTime:0.000223s ]
[ info ] [ VIEW ] /www/wwwroot/ar/application/login/view/index/index.html [ array (
  0 => 'erromsg',
) ]
---------------------------------------------------------------
[ 2018-10-05T17:05:49+08:00 ] 183.60.210.62 GET 121.196.216.77/
[运行时间：0.014818s] [吞吐率：67.49req/s] [内存消耗：1,785.44kb] [文件加载：69]
[ info ] [ LANG ] /www/wwwroot/ar/thinkphp/lang/zh-cn.php
[ info ] [ ROUTE ] array (
)
[ info ] [ HEADER ] array (
  'host' => '121.196.216.77',
  'user-agent' => 'Mozilla/4.0 (compatible; MSIE 9.0; Windows NT 6.1)',
  'referer' => 'https://121.196.216.77',
  'accept-language' => 'zh-cn',
  'accept' => '*/*',
  'connection' => 'Keep-Alive',
)
[ info ] [ PARAM ] array (
)
---------------------------------------------------------------
[ 2018-10-05T17:05:49+08:00 ] 183.60.210.62 GET 121.196.216.77/Login/index/index.html
[运行时间：0.015697s] [吞吐率：63.71req/s] [内存消耗：1,749.33kb] [文件加载：69]
[ info ] [ LANG ] /www/wwwroot/ar/thinkphp/lang/zh-cn.php
[ info ] [ ROUTE ] array (
)
[ info ] [ HEADER ] array (
  'cookie' => 'PHPSESSID=gavas03edh3sgo5u5v7hlj5t4r',
  'host' => '121.196.216.77',
  'user-agent' => 'Mozilla/4.0 (compatible; MSIE 9.0; Windows NT 6.1)',
  'referer' => 'https://121.196.216.77',
  'accept-language' => 'zh-cn',
  'accept' => '*/*',
  'connection' => 'Keep-Alive',
)
[ info ] [ PARAM ] array (
)
[ info ] [ BEHAVIOR ] Run app\login\behavior\ListenLoginStatus->run @action_begin [ RunTime:0.000205s ]
[ info ] [ VIEW ] /www/wwwroot/ar/application/login/view/index/index.html [ array (
  0 => 'erromsg',
) ]
---------------------------------------------------------------
[ 2018-10-05T18:18:20+08:00 ] 51.38.12.13 GET 121.196.216.77/
[运行时间：0.014824s] [吞吐率：67.46req/s] [内存消耗：1,785.12kb] [文件加载：69]
[ info ] [ LANG ] /www/wwwroot/ar/thinkphp/lang/zh-cn.php
[ info ] [ ROUTE ] array (
)
[ info ] [ HEADER ] array (
  'user-agent' => 'Mozilla/5.0 (Windows NT 6.1) AppleWebKit/537.36 (KHTML, like Gecko) Chrome/41.0.2228.0 Safari/537.36',
  'connection' => 'close',
  'host' => '121.196.216.77',
)
[ info ] [ PARAM ] array (
)
---------------------------------------------------------------
[ 2018-10-05T18:18:26+08:00 ] 51.38.12.13 GET 121.196.216.77/Login/index/index.html
[运行时间：0.014770s] [吞吐率：67.70req/s] [内存消耗：1,748.91kb] [文件加载：69]
[ info ] [ LANG ] /www/wwwroot/ar/thinkphp/lang/zh-cn.php
[ info ] [ ROUTE ] array (
)
[ info ] [ HEADER ] array (
  'user-agent' => 'Mozilla/5.0 (Windows NT 6.1) AppleWebKit/537.36 (KHTML, like Gecko) Chrome/41.0.2228.0 Safari/537.36',
  'connection' => 'close',
  'host' => '121.196.216.77',
)
[ info ] [ PARAM ] array (
)
[ info ] [ BEHAVIOR ] Run app\login\behavior\ListenLoginStatus->run @action_begin [ RunTime:0.000234s ]
[ info ] [ VIEW ] /www/wwwroot/ar/application/login/view/index/index.html [ array (
  0 => 'erromsg',
) ]
---------------------------------------------------------------
[ 2018-10-05T20:07:27+08:00 ] 139.162.113.204 GET 121.196.216.77/
[运行时间：0.015115s] [吞吐率：66.16req/s] [内存消耗：1,784.90kb] [文件加载：69]
[ info ] [ LANG ] /www/wwwroot/ar/thinkphp/lang/zh-cn.php
[ info ] [ ROUTE ] array (
)
[ info ] [ HEADER ] array (
  'connection' => 'close',
  'user-agent' => 'Go-http-client/1.1',
  'host' => '121.196.216.77',
)
[ info ] [ PARAM ] array (
)
---------------------------------------------------------------
[ 2018-10-05T22:07:54+08:00 ] 183.60.210.46 GET 121.196.216.77/
[运行时间：0.016955s] [吞吐率：58.98req/s] [内存消耗：1,785.44kb] [文件加载：69]
[ info ] [ LANG ] /www/wwwroot/ar/thinkphp/lang/zh-cn.php
[ info ] [ ROUTE ] array (
)
[ info ] [ HEADER ] array (
  'host' => '121.196.216.77',
  'user-agent' => 'Mozilla/4.0 (compatible; MSIE 9.0; Windows NT 6.1)',
  'referer' => 'https://121.196.216.77',
  'accept-language' => 'zh-cn',
  'accept' => '*/*',
  'connection' => 'Keep-Alive',
)
[ info ] [ PARAM ] array (
)
---------------------------------------------------------------
[ 2018-10-05T22:07:54+08:00 ] 183.60.210.46 GET 121.196.216.77/Login/index/index.html
[运行时间：0.015728s] [吞吐率：63.58req/s] [内存消耗：1,749.33kb] [文件加载：69]
[ info ] [ LANG ] /www/wwwroot/ar/thinkphp/lang/zh-cn.php
[ info ] [ ROUTE ] array (
)
[ info ] [ HEADER ] array (
  'cookie' => 'PHPSESSID=uv7nn1o8klnmi1pu9938uo492n',
  'host' => '121.196.216.77',
  'user-agent' => 'Mozilla/4.0 (compatible; MSIE 9.0; Windows NT 6.1)',
  'referer' => 'https://121.196.216.77',
  'accept-language' => 'zh-cn',
  'accept' => '*/*',
  'connection' => 'Keep-Alive',
)
[ info ] [ PARAM ] array (
)
[ info ] [ BEHAVIOR ] Run app\login\behavior\ListenLoginStatus->run @action_begin [ RunTime:0.000206s ]
[ info ] [ VIEW ] /www/wwwroot/ar/application/login/view/index/index.html [ array (
  0 => 'erromsg',
) ]
---------------------------------------------------------------
[ 2018-10-05T22:36:50+08:00 ] 74.82.47.5 GET 121.196.216.77/
[运行时间：0.015096s] [吞吐率：66.24req/s] [内存消耗：1,784.59kb] [文件加载：69]
[ info ] [ LANG ] /www/wwwroot/ar/thinkphp/lang/zh-cn.php
[ info ] [ ROUTE ] array (
)
[ info ] [ HEADER ] array (
  'host' => '121.196.216.77',
)
[ info ] [ PARAM ] array (
)
