---------------------------------------------------------------
[ 2018-10-07T11:13:28+08:00 ] ::1 GET ar.com/admin/users/index.html
[运行时间：0.300541s] [吞吐率：3.33req/s] [内存消耗：5,578.27kb] [文件加载：91]
[ info ] [ LANG ] /Applications/MAMP/htdocs/ar/thinkphp/lang/zh-cn.php
[ info ] [ ROUTE ] array (
)
[ info ] [ HEADER ] array (
  'host' => 'ar.com',
  'connection' => 'keep-alive',
  'upgrade-insecure-requests' => '1',
  'user-agent' => 'Mozilla/5.0 (Macintosh; Intel Mac OS X 10_13_6) AppleWebKit/537.36 (KHTML, like Gecko) Chrome/69.0.3497.100 Safari/537.36',
  'accept' => 'text/html,application/xhtml+xml,application/xml;q=0.9,image/webp,image/apng,*/*;q=0.8',
  'referer' => 'http://ar.com/admin/brands/index.html',
  'accept-encoding' => 'gzip, deflate',
  'accept-language' => 'zh-CN,zh;q=0.9',
  'cookie' => 'PHPSESSID=9cfe46b360f359375b2d8e8000e91cba',
)
[ info ] [ PARAM ] array (
)
[ info ] [ DB ] INIT mysql
[ info ] [ VIEW ] /Applications/MAMP/htdocs/ar/application/admin/view/users/index.html [ array (
  0 => 'top_menu_active',
  1 => 'left_menu_active',
  2 => 'list',
) ]
[ sql ] [ DB ] CONNECT:[ UseTime:0.028110s ] mysql:host=localhost;dbname=arwawa;charset=utf8mb4
[ sql ] [ SQL ] SHOW COLUMNS FROM `cn_user` [ RunTime:0.013020s ]
[ sql ] [ SQL ] SELECT COUNT(*) AS tp_count FROM `cn_user` WHERE  `status` = 1 LIMIT 1 [ RunTime:0.002316s ]
[ sql ] [ EXPLAIN : array (
  'id' => 1,
  'select_type' => 'SIMPLE',
  'table' => 'cn_user',
  'type' => 'ALL',
  'possible_keys' => NULL,
  'key' => NULL,
  'key_len' => NULL,
  'ref' => NULL,
  'rows' => 2,
  'extra' => 'Using where',
) ]
[ sql ] [ SQL ] SELECT * FROM `cn_user` WHERE  `status` = 1 ORDER BY `id` DESC LIMIT 0,10 [ RunTime:0.001907s ]
[ sql ] [ EXPLAIN : array (
  'id' => 1,
  'select_type' => 'SIMPLE',
  'table' => 'cn_user',
  'type' => 'index',
  'possible_keys' => NULL,
  'key' => 'PRIMARY',
  'key_len' => '4',
  'ref' => NULL,
  'rows' => 2,
  'extra' => 'Using where',
) ]
[ sql ] [ SQL ] SHOW COLUMNS FROM `cn_partner` [ RunTime:0.009977s ]
[ sql ] [ SQL ] SELECT * FROM `cn_partner` WHERE  `id` = 4 LIMIT 1 [ RunTime:0.001520s ]
[ sql ] [ EXPLAIN : array (
  'id' => 1,
  'select_type' => 'SIMPLE',
  'table' => 'cn_partner',
  'type' => 'const',
  'possible_keys' => 'PRIMARY',
  'key' => 'PRIMARY',
  'key_len' => '4',
  'ref' => 'const',
  'rows' => 1,
  'extra' => NULL,
) ]
[ error ] [8]未定义数组索引: display[/Applications/MAMP/htdocs/ar/runtime/temp/839b406f903b2f0398fa237aabfcdc10.php:140]
[ error ] [8]未定义数组索引: display[/Applications/MAMP/htdocs/ar/runtime/temp/839b406f903b2f0398fa237aabfcdc10.php:140]
[ error ] [8]未定义数组索引: display[/Applications/MAMP/htdocs/ar/runtime/temp/839b406f903b2f0398fa237aabfcdc10.php:140]
[ error ] [8]未定义数组索引: display[/Applications/MAMP/htdocs/ar/runtime/temp/839b406f903b2f0398fa237aabfcdc10.php:140]
[ error ] [8]未定义数组索引: display[/Applications/MAMP/htdocs/ar/runtime/temp/839b406f903b2f0398fa237aabfcdc10.php:140]
[ error ] [8]未定义数组索引: display[/Applications/MAMP/htdocs/ar/runtime/temp/839b406f903b2f0398fa237aabfcdc10.php:140]
[ error ] [8]未定义数组索引: display[/Applications/MAMP/htdocs/ar/runtime/temp/839b406f903b2f0398fa237aabfcdc10.php:140]
---------------------------------------------------------------
[ 2018-10-07T11:17:09+08:00 ] ::1 GET ar.com/admin/users/game.html
[运行时间：0.071644s] [吞吐率：13.96req/s] [内存消耗：3,803.51kb] [文件加载：80]
[ info ] [ LANG ] /Applications/MAMP/htdocs/ar/thinkphp/lang/zh-cn.php
[ info ] [ ROUTE ] array (
)
[ info ] [ HEADER ] array (
  'host' => 'ar.com',
  'connection' => 'keep-alive',
  'upgrade-insecure-requests' => '1',
  'user-agent' => 'Mozilla/5.0 (Macintosh; Intel Mac OS X 10_13_6) AppleWebKit/537.36 (KHTML, like Gecko) Chrome/69.0.3497.100 Safari/537.36',
  'accept' => 'text/html,application/xhtml+xml,application/xml;q=0.9,image/webp,image/apng,*/*;q=0.8',
  'referer' => 'http://ar.com/admin/users/index.html',
  'accept-encoding' => 'gzip, deflate',
  'accept-language' => 'zh-CN,zh;q=0.9',
  'cookie' => 'PHPSESSID=9cfe46b360f359375b2d8e8000e91cba',
)
[ info ] [ PARAM ] array (
)
[ info ] [ VIEW ] /Applications/MAMP/htdocs/ar/application/admin/view/users/game.html [ array (
  0 => 'top_menu_active',
  1 => 'left_menu_active',
) ]
[ error ] [8]未定义数组索引: display[/Applications/MAMP/htdocs/ar/runtime/temp/4adc11b7ebb5a0b7eb3abf200d061426.php:140]
[ error ] [8]未定义数组索引: display[/Applications/MAMP/htdocs/ar/runtime/temp/4adc11b7ebb5a0b7eb3abf200d061426.php:140]
[ error ] [8]未定义数组索引: display[/Applications/MAMP/htdocs/ar/runtime/temp/4adc11b7ebb5a0b7eb3abf200d061426.php:140]
[ error ] [8]未定义数组索引: display[/Applications/MAMP/htdocs/ar/runtime/temp/4adc11b7ebb5a0b7eb3abf200d061426.php:140]
[ error ] [8]未定义数组索引: display[/Applications/MAMP/htdocs/ar/runtime/temp/4adc11b7ebb5a0b7eb3abf200d061426.php:140]
[ error ] [8]未定义数组索引: display[/Applications/MAMP/htdocs/ar/runtime/temp/4adc11b7ebb5a0b7eb3abf200d061426.php:140]
[ error ] [8]未定义数组索引: display[/Applications/MAMP/htdocs/ar/runtime/temp/4adc11b7ebb5a0b7eb3abf200d061426.php:140]
---------------------------------------------------------------
[ 2018-10-07T11:17:10+08:00 ] ::1 GET ar.com/admin/users/lucky.html
[运行时间：0.052281s] [吞吐率：19.13req/s] [内存消耗：3,803.73kb] [文件加载：80]
[ info ] [ LANG ] /Applications/MAMP/htdocs/ar/thinkphp/lang/zh-cn.php
[ info ] [ ROUTE ] array (
)
[ info ] [ HEADER ] array (
  'host' => 'ar.com',
  'connection' => 'keep-alive',
  'upgrade-insecure-requests' => '1',
  'user-agent' => 'Mozilla/5.0 (Macintosh; Intel Mac OS X 10_13_6) AppleWebKit/537.36 (KHTML, like Gecko) Chrome/69.0.3497.100 Safari/537.36',
  'accept' => 'text/html,application/xhtml+xml,application/xml;q=0.9,image/webp,image/apng,*/*;q=0.8',
  'referer' => 'http://ar.com/admin/users/game.html',
  'accept-encoding' => 'gzip, deflate',
  'accept-language' => 'zh-CN,zh;q=0.9',
  'cookie' => 'PHPSESSID=9cfe46b360f359375b2d8e8000e91cba',
)
[ info ] [ PARAM ] array (
)
[ info ] [ VIEW ] /Applications/MAMP/htdocs/ar/application/admin/view/users/lucky.html [ array (
  0 => 'top_menu_active',
  1 => 'left_menu_active',
) ]
[ error ] [8]未定义数组索引: display[/Applications/MAMP/htdocs/ar/runtime/temp/1e6aa9a493963b5adbd54e0bc754443c.php:140]
[ error ] [8]未定义数组索引: display[/Applications/MAMP/htdocs/ar/runtime/temp/1e6aa9a493963b5adbd54e0bc754443c.php:140]
[ error ] [8]未定义数组索引: display[/Applications/MAMP/htdocs/ar/runtime/temp/1e6aa9a493963b5adbd54e0bc754443c.php:140]
[ error ] [8]未定义数组索引: display[/Applications/MAMP/htdocs/ar/runtime/temp/1e6aa9a493963b5adbd54e0bc754443c.php:140]
[ error ] [8]未定义数组索引: display[/Applications/MAMP/htdocs/ar/runtime/temp/1e6aa9a493963b5adbd54e0bc754443c.php:140]
[ error ] [8]未定义数组索引: display[/Applications/MAMP/htdocs/ar/runtime/temp/1e6aa9a493963b5adbd54e0bc754443c.php:140]
[ error ] [8]未定义数组索引: display[/Applications/MAMP/htdocs/ar/runtime/temp/1e6aa9a493963b5adbd54e0bc754443c.php:140]
---------------------------------------------------------------
[ 2018-10-07T11:17:11+08:00 ] ::1 GET ar.com/admin/users/game.html
[运行时间：0.049333s] [吞吐率：20.27req/s] [内存消耗：3,803.88kb] [文件加载：80]
[ info ] [ LANG ] /Applications/MAMP/htdocs/ar/thinkphp/lang/zh-cn.php
[ info ] [ ROUTE ] array (
)
[ info ] [ HEADER ] array (
  'host' => 'ar.com',
  'connection' => 'keep-alive',
  'upgrade-insecure-requests' => '1',
  'user-agent' => 'Mozilla/5.0 (Macintosh; Intel Mac OS X 10_13_6) AppleWebKit/537.36 (KHTML, like Gecko) Chrome/69.0.3497.100 Safari/537.36',
  'accept' => 'text/html,application/xhtml+xml,application/xml;q=0.9,image/webp,image/apng,*/*;q=0.8',
  'referer' => 'http://ar.com/admin/users/lucky.html',
  'accept-encoding' => 'gzip, deflate',
  'accept-language' => 'zh-CN,zh;q=0.9',
  'cookie' => 'PHPSESSID=9cfe46b360f359375b2d8e8000e91cba',
)
[ info ] [ PARAM ] array (
)
[ info ] [ VIEW ] /Applications/MAMP/htdocs/ar/application/admin/view/users/game.html [ array (
  0 => 'top_menu_active',
  1 => 'left_menu_active',
) ]
[ error ] [8]未定义数组索引: display[/Applications/MAMP/htdocs/ar/runtime/temp/4adc11b7ebb5a0b7eb3abf200d061426.php:140]
[ error ] [8]未定义数组索引: display[/Applications/MAMP/htdocs/ar/runtime/temp/4adc11b7ebb5a0b7eb3abf200d061426.php:140]
[ error ] [8]未定义数组索引: display[/Applications/MAMP/htdocs/ar/runtime/temp/4adc11b7ebb5a0b7eb3abf200d061426.php:140]
[ error ] [8]未定义数组索引: display[/Applications/MAMP/htdocs/ar/runtime/temp/4adc11b7ebb5a0b7eb3abf200d061426.php:140]
[ error ] [8]未定义数组索引: display[/Applications/MAMP/htdocs/ar/runtime/temp/4adc11b7ebb5a0b7eb3abf200d061426.php:140]
[ error ] [8]未定义数组索引: display[/Applications/MAMP/htdocs/ar/runtime/temp/4adc11b7ebb5a0b7eb3abf200d061426.php:140]
[ error ] [8]未定义数组索引: display[/Applications/MAMP/htdocs/ar/runtime/temp/4adc11b7ebb5a0b7eb3abf200d061426.php:140]
---------------------------------------------------------------
[ 2018-10-07T11:17:14+08:00 ] ::1 GET ar.com/admin/users/game.html
[运行时间：0.053509s] [吞吐率：18.69req/s] [内存消耗：3,803.75kb] [文件加载：80]
[ info ] [ LANG ] /Applications/MAMP/htdocs/ar/thinkphp/lang/zh-cn.php
[ info ] [ ROUTE ] array (
)
[ info ] [ HEADER ] array (
  'host' => 'ar.com',
  'connection' => 'keep-alive',
  'upgrade-insecure-requests' => '1',
  'user-agent' => 'Mozilla/5.0 (Macintosh; Intel Mac OS X 10_13_6) AppleWebKit/537.36 (KHTML, like Gecko) Chrome/69.0.3497.100 Safari/537.36',
  'accept' => 'text/html,application/xhtml+xml,application/xml;q=0.9,image/webp,image/apng,*/*;q=0.8',
  'referer' => 'http://ar.com/admin/users/game.html',
  'accept-encoding' => 'gzip, deflate',
  'accept-language' => 'zh-CN,zh;q=0.9',
  'cookie' => 'PHPSESSID=9cfe46b360f359375b2d8e8000e91cba',
)
[ info ] [ PARAM ] array (
)
[ info ] [ VIEW ] /Applications/MAMP/htdocs/ar/application/admin/view/users/game.html [ array (
  0 => 'top_menu_active',
  1 => 'left_menu_active',
) ]
[ error ] [8]未定义数组索引: display[/Applications/MAMP/htdocs/ar/runtime/temp/4adc11b7ebb5a0b7eb3abf200d061426.php:140]
[ error ] [8]未定义数组索引: display[/Applications/MAMP/htdocs/ar/runtime/temp/4adc11b7ebb5a0b7eb3abf200d061426.php:140]
[ error ] [8]未定义数组索引: display[/Applications/MAMP/htdocs/ar/runtime/temp/4adc11b7ebb5a0b7eb3abf200d061426.php:140]
[ error ] [8]未定义数组索引: display[/Applications/MAMP/htdocs/ar/runtime/temp/4adc11b7ebb5a0b7eb3abf200d061426.php:140]
[ error ] [8]未定义数组索引: display[/Applications/MAMP/htdocs/ar/runtime/temp/4adc11b7ebb5a0b7eb3abf200d061426.php:140]
[ error ] [8]未定义数组索引: display[/Applications/MAMP/htdocs/ar/runtime/temp/4adc11b7ebb5a0b7eb3abf200d061426.php:140]
[ error ] [8]未定义数组索引: display[/Applications/MAMP/htdocs/ar/runtime/temp/4adc11b7ebb5a0b7eb3abf200d061426.php:140]
---------------------------------------------------------------
[ 2018-10-07T16:20:46+08:00 ] ::1 GET ar.com/admin/users/game.html
[运行时间：0.063620s] [吞吐率：15.72req/s] [内存消耗：3,803.77kb] [文件加载：80]
[ info ] [ LANG ] /Applications/MAMP/htdocs/ar/thinkphp/lang/zh-cn.php
[ info ] [ ROUTE ] array (
)
[ info ] [ HEADER ] array (
  'host' => 'ar.com',
  'connection' => 'keep-alive',
  'cache-control' => 'max-age=0',
  'upgrade-insecure-requests' => '1',
  'user-agent' => 'Mozilla/5.0 (Macintosh; Intel Mac OS X 10_13_6) AppleWebKit/537.36 (KHTML, like Gecko) Chrome/69.0.3497.100 Safari/537.36',
  'accept' => 'text/html,application/xhtml+xml,application/xml;q=0.9,image/webp,image/apng,*/*;q=0.8',
  'referer' => 'http://ar.com/admin/users/game.html',
  'accept-encoding' => 'gzip, deflate',
  'accept-language' => 'zh-CN,zh;q=0.9',
  'cookie' => 'PHPSESSID=9cfe46b360f359375b2d8e8000e91cba',
)
[ info ] [ PARAM ] array (
)
[ info ] [ VIEW ] /Applications/MAMP/htdocs/ar/application/admin/view/users/game.html [ array (
  0 => 'top_menu_active',
  1 => 'left_menu_active',
) ]
[ error ] [8]未定义数组索引: display[/Applications/MAMP/htdocs/ar/runtime/temp/4adc11b7ebb5a0b7eb3abf200d061426.php:140]
[ error ] [8]未定义数组索引: display[/Applications/MAMP/htdocs/ar/runtime/temp/4adc11b7ebb5a0b7eb3abf200d061426.php:140]
[ error ] [8]未定义数组索引: display[/Applications/MAMP/htdocs/ar/runtime/temp/4adc11b7ebb5a0b7eb3abf200d061426.php:140]
[ error ] [8]未定义数组索引: display[/Applications/MAMP/htdocs/ar/runtime/temp/4adc11b7ebb5a0b7eb3abf200d061426.php:140]
[ error ] [8]未定义数组索引: display[/Applications/MAMP/htdocs/ar/runtime/temp/4adc11b7ebb5a0b7eb3abf200d061426.php:140]
[ error ] [8]未定义数组索引: display[/Applications/MAMP/htdocs/ar/runtime/temp/4adc11b7ebb5a0b7eb3abf200d061426.php:140]
[ error ] [8]未定义数组索引: display[/Applications/MAMP/htdocs/ar/runtime/temp/4adc11b7ebb5a0b7eb3abf200d061426.php:140]
---------------------------------------------------------------
[ 2018-10-07T16:20:48+08:00 ] ::1 GET ar.com/admin/users/game.html
[运行时间：0.051784s] [吞吐率：19.31req/s] [内存消耗：3,803.75kb] [文件加载：80]
[ info ] [ LANG ] /Applications/MAMP/htdocs/ar/thinkphp/lang/zh-cn.php
[ info ] [ ROUTE ] array (
)
[ info ] [ HEADER ] array (
  'host' => 'ar.com',
  'connection' => 'keep-alive',
  'upgrade-insecure-requests' => '1',
  'user-agent' => 'Mozilla/5.0 (Macintosh; Intel Mac OS X 10_13_6) AppleWebKit/537.36 (KHTML, like Gecko) Chrome/69.0.3497.100 Safari/537.36',
  'accept' => 'text/html,application/xhtml+xml,application/xml;q=0.9,image/webp,image/apng,*/*;q=0.8',
  'referer' => 'http://ar.com/admin/users/game.html',
  'accept-encoding' => 'gzip, deflate',
  'accept-language' => 'zh-CN,zh;q=0.9',
  'cookie' => 'PHPSESSID=9cfe46b360f359375b2d8e8000e91cba',
)
[ info ] [ PARAM ] array (
)
[ info ] [ VIEW ] /Applications/MAMP/htdocs/ar/application/admin/view/users/game.html [ array (
  0 => 'top_menu_active',
  1 => 'left_menu_active',
) ]
[ error ] [8]未定义数组索引: display[/Applications/MAMP/htdocs/ar/runtime/temp/4adc11b7ebb5a0b7eb3abf200d061426.php:140]
[ error ] [8]未定义数组索引: display[/Applications/MAMP/htdocs/ar/runtime/temp/4adc11b7ebb5a0b7eb3abf200d061426.php:140]
[ error ] [8]未定义数组索引: display[/Applications/MAMP/htdocs/ar/runtime/temp/4adc11b7ebb5a0b7eb3abf200d061426.php:140]
[ error ] [8]未定义数组索引: display[/Applications/MAMP/htdocs/ar/runtime/temp/4adc11b7ebb5a0b7eb3abf200d061426.php:140]
[ error ] [8]未定义数组索引: display[/Applications/MAMP/htdocs/ar/runtime/temp/4adc11b7ebb5a0b7eb3abf200d061426.php:140]
[ error ] [8]未定义数组索引: display[/Applications/MAMP/htdocs/ar/runtime/temp/4adc11b7ebb5a0b7eb3abf200d061426.php:140]
[ error ] [8]未定义数组索引: display[/Applications/MAMP/htdocs/ar/runtime/temp/4adc11b7ebb5a0b7eb3abf200d061426.php:140]
---------------------------------------------------------------
[ 2018-10-07T16:27:43+08:00 ] ::1 GET ar.com/admin/users/game.html
[运行时间：0.069906s] [吞吐率：14.30req/s] [内存消耗：4,090.20kb] [文件加载：82]
[ info ] [ LANG ] /Applications/MAMP/htdocs/ar/thinkphp/lang/zh-cn.php
[ info ] [ ROUTE ] array (
)
[ info ] [ HEADER ] array (
  'host' => 'ar.com',
  'connection' => 'keep-alive',
  'upgrade-insecure-requests' => '1',
  'user-agent' => 'Mozilla/5.0 (Macintosh; Intel Mac OS X 10_13_6) AppleWebKit/537.36 (KHTML, like Gecko) Chrome/69.0.3497.100 Safari/537.36',
  'accept' => 'text/html,application/xhtml+xml,application/xml;q=0.9,image/webp,image/apng,*/*;q=0.8',
  'referer' => 'http://ar.com/admin/users/game.html',
  'accept-encoding' => 'gzip, deflate',
  'accept-language' => 'zh-CN,zh;q=0.9',
  'cookie' => 'PHPSESSID=9cfe46b360f359375b2d8e8000e91cba',
)
[ info ] [ PARAM ] array (
)
[ info ] [ VIEW ] /Applications/MAMP/htdocs/ar/application/admin/view/users/game.html [ array (
  0 => 'top_menu_active',
  1 => 'left_menu_active',
) ]
[ error ] [8]未定义数组索引: display[/Applications/MAMP/htdocs/ar/runtime/temp/4adc11b7ebb5a0b7eb3abf200d061426.php:140]
[ error ] [8]未定义数组索引: display[/Applications/MAMP/htdocs/ar/runtime/temp/4adc11b7ebb5a0b7eb3abf200d061426.php:140]
[ error ] [8]未定义数组索引: display[/Applications/MAMP/htdocs/ar/runtime/temp/4adc11b7ebb5a0b7eb3abf200d061426.php:140]
[ error ] [8]未定义数组索引: display[/Applications/MAMP/htdocs/ar/runtime/temp/4adc11b7ebb5a0b7eb3abf200d061426.php:140]
[ error ] [8]未定义数组索引: display[/Applications/MAMP/htdocs/ar/runtime/temp/4adc11b7ebb5a0b7eb3abf200d061426.php:140]
[ error ] [8]未定义数组索引: display[/Applications/MAMP/htdocs/ar/runtime/temp/4adc11b7ebb5a0b7eb3abf200d061426.php:140]
[ error ] [8]未定义数组索引: display[/Applications/MAMP/htdocs/ar/runtime/temp/4adc11b7ebb5a0b7eb3abf200d061426.php:140]
---------------------------------------------------------------
[ 2018-10-07T16:27:43+08:00 ] ::1 GET ar.com/static/upload/brandImg/1538120100_7480.png
[运行时间：0.058753s] [吞吐率：17.02req/s] [内存消耗：2,221.08kb] [文件加载：51]
[ info ] [ LANG ] /Applications/MAMP/htdocs/ar/thinkphp/lang/zh-cn.php
---------------------------------------------------------------
[ 2018-10-07T16:27:43+08:00 ] ::1 GET ar.com/static/upload/brandImg/1541699334_8758.jpg
[运行时间：0.071963s] [吞吐率：13.90req/s] [内存消耗：2,221.07kb] [文件加载：51]
[ info ] [ LANG ] /Applications/MAMP/htdocs/ar/thinkphp/lang/zh-cn.php
---------------------------------------------------------------
[ 2018-10-07T16:27:43+08:00 ] ::1 GET ar.com/static/upload/brandImg/1538037200_7670.jpg
[运行时间：0.074191s] [吞吐率：13.48req/s] [内存消耗：2,221.07kb] [文件加载：51]
[ info ] [ LANG ] /Applications/MAMP/htdocs/ar/thinkphp/lang/zh-cn.php
---------------------------------------------------------------
[ 2018-10-07T16:27:43+08:00 ] ::1 GET ar.com/static/upload/brandImg/1537510405_4993.jpg
[运行时间：0.095685s] [吞吐率：10.45req/s] [内存消耗：2,221.08kb] [文件加载：51]
[ info ] [ LANG ] /Applications/MAMP/htdocs/ar/thinkphp/lang/zh-cn.php
---------------------------------------------------------------
[ 2018-10-07T16:27:43+08:00 ] ::1 GET ar.com/static/upload/brandImg/1537509903_3888.jpg
[运行时间：0.128543s] [吞吐率：7.78req/s] [内存消耗：2,221.07kb] [文件加载：51]
[ info ] [ LANG ] /Applications/MAMP/htdocs/ar/thinkphp/lang/zh-cn.php
---------------------------------------------------------------
[ 2018-10-07T16:27:43+08:00 ] ::1 GET ar.com/static/upload/brandImg/1537510218_5046.jpg
[运行时间：0.122776s] [吞吐率：8.14req/s] [内存消耗：2,221.08kb] [文件加载：51]
[ info ] [ LANG ] /Applications/MAMP/htdocs/ar/thinkphp/lang/zh-cn.php
---------------------------------------------------------------
[ 2018-10-07T16:27:43+08:00 ] ::1 GET ar.com/static/upload/brandImg/1537510106_1715.jpg
[运行时间：0.141233s] [吞吐率：7.08req/s] [内存消耗：2,221.08kb] [文件加载：51]
[ info ] [ LANG ] /Applications/MAMP/htdocs/ar/thinkphp/lang/zh-cn.php
---------------------------------------------------------------
[ 2018-10-07T16:27:43+08:00 ] ::1 GET ar.com/static/upload/brandImg/1537510194_7813.jpg
[运行时间：0.140819s] [吞吐率：7.10req/s] [内存消耗：2,221.08kb] [文件加载：51]
[ info ] [ LANG ] /Applications/MAMP/htdocs/ar/thinkphp/lang/zh-cn.php
---------------------------------------------------------------
[ 2018-10-07T16:27:43+08:00 ] ::1 GET ar.com/static/upload/brandImg/1537510036_1412.jpg
[运行时间：0.096979s] [吞吐率：10.31req/s] [内存消耗：2,221.07kb] [文件加载：51]
[ info ] [ LANG ] /Applications/MAMP/htdocs/ar/thinkphp/lang/zh-cn.php
---------------------------------------------------------------
[ 2018-10-07T16:27:43+08:00 ] ::1 GET ar.com/static/upload/brandImg/1537510001_5436.jpg
[运行时间：0.099347s] [吞吐率：10.07req/s] [内存消耗：2,221.07kb] [文件加载：51]
[ info ] [ LANG ] /Applications/MAMP/htdocs/ar/thinkphp/lang/zh-cn.php
---------------------------------------------------------------
[ 2018-10-07T16:28:09+08:00 ] ::1 GET ar.com/admin/users/game.html
[运行时间：0.066920s] [吞吐率：14.94req/s] [内存消耗：4,091.38kb] [文件加载：82]
[ info ] [ LANG ] /Applications/MAMP/htdocs/ar/thinkphp/lang/zh-cn.php
[ info ] [ ROUTE ] array (
)
[ info ] [ HEADER ] array (
  'host' => 'ar.com',
  'connection' => 'keep-alive',
  'cache-control' => 'max-age=0',
  'upgrade-insecure-requests' => '1',
  'user-agent' => 'Mozilla/5.0 (Macintosh; Intel Mac OS X 10_13_6) AppleWebKit/537.36 (KHTML, like Gecko) Chrome/69.0.3497.100 Safari/537.36',
  'accept' => 'text/html,application/xhtml+xml,application/xml;q=0.9,image/webp,image/apng,*/*;q=0.8',
  'referer' => 'http://ar.com/admin/users/game.html',
  'accept-encoding' => 'gzip, deflate',
  'accept-language' => 'zh-CN,zh;q=0.9',
  'cookie' => 'PHPSESSID=9cfe46b360f359375b2d8e8000e91cba',
)
[ info ] [ PARAM ] array (
)
[ info ] [ VIEW ] /Applications/MAMP/htdocs/ar/application/admin/view/users/game.html [ array (
  0 => 'top_menu_active',
  1 => 'left_menu_active',
) ]
[ error ] [8]未定义数组索引: display[/Applications/MAMP/htdocs/ar/runtime/temp/4adc11b7ebb5a0b7eb3abf200d061426.php:140]
[ error ] [8]未定义数组索引: display[/Applications/MAMP/htdocs/ar/runtime/temp/4adc11b7ebb5a0b7eb3abf200d061426.php:140]
[ error ] [8]未定义数组索引: display[/Applications/MAMP/htdocs/ar/runtime/temp/4adc11b7ebb5a0b7eb3abf200d061426.php:140]
[ error ] [8]未定义数组索引: display[/Applications/MAMP/htdocs/ar/runtime/temp/4adc11b7ebb5a0b7eb3abf200d061426.php:140]
[ error ] [8]未定义数组索引: display[/Applications/MAMP/htdocs/ar/runtime/temp/4adc11b7ebb5a0b7eb3abf200d061426.php:140]
[ error ] [8]未定义数组索引: display[/Applications/MAMP/htdocs/ar/runtime/temp/4adc11b7ebb5a0b7eb3abf200d061426.php:140]
[ error ] [8]未定义数组索引: display[/Applications/MAMP/htdocs/ar/runtime/temp/4adc11b7ebb5a0b7eb3abf200d061426.php:140]
---------------------------------------------------------------
[ 2018-10-07T16:28:09+08:00 ] ::1 GET ar.com/static/upload/brandImg/1541699334_8758.jpg
[运行时间：0.039173s] [吞吐率：25.53req/s] [内存消耗：2,221.07kb] [文件加载：51]
[ info ] [ LANG ] /Applications/MAMP/htdocs/ar/thinkphp/lang/zh-cn.php
---------------------------------------------------------------
[ 2018-10-07T16:28:09+08:00 ] ::1 GET ar.com/static/upload/brandImg/1538120100_7480.png
[运行时间：0.038812s] [吞吐率：25.77req/s] [内存消耗：2,221.08kb] [文件加载：51]
[ info ] [ LANG ] /Applications/MAMP/htdocs/ar/thinkphp/lang/zh-cn.php
---------------------------------------------------------------
[ 2018-10-07T16:28:09+08:00 ] ::1 GET ar.com/static/upload/brandImg/1537509903_3888.jpg
[运行时间：0.098677s] [吞吐率：10.13req/s] [内存消耗：2,221.07kb] [文件加载：51]
[ info ] [ LANG ] /Applications/MAMP/htdocs/ar/thinkphp/lang/zh-cn.php
---------------------------------------------------------------
[ 2018-10-07T16:28:09+08:00 ] ::1 GET ar.com/static/upload/brandImg/1537510194_7813.jpg
[运行时间：0.130277s] [吞吐率：7.68req/s] [内存消耗：2,221.07kb] [文件加载：51]
[ info ] [ LANG ] /Applications/MAMP/htdocs/ar/thinkphp/lang/zh-cn.php
---------------------------------------------------------------
[ 2018-10-07T16:28:09+08:00 ] ::1 GET ar.com/static/upload/brandImg/1538037200_7670.jpg
[运行时间：0.127709s] [吞吐率：7.83req/s] [内存消耗：2,221.07kb] [文件加载：51]
[ info ] [ LANG ] /Applications/MAMP/htdocs/ar/thinkphp/lang/zh-cn.php
---------------------------------------------------------------
[ 2018-10-07T16:28:09+08:00 ] ::1 GET ar.com/static/upload/brandImg/1537510218_5046.jpg
[运行时间：0.062899s] [吞吐率：15.90req/s] [内存消耗：2,221.08kb] [文件加载：51]
[ info ] [ LANG ] /Applications/MAMP/htdocs/ar/thinkphp/lang/zh-cn.php
---------------------------------------------------------------
[ 2018-10-07T16:28:09+08:00 ] ::1 GET ar.com/static/upload/brandImg/1537510106_1715.jpg
[运行时间：0.136692s] [吞吐率：7.32req/s] [内存消耗：2,221.08kb] [文件加载：51]
[ info ] [ LANG ] /Applications/MAMP/htdocs/ar/thinkphp/lang/zh-cn.php
---------------------------------------------------------------
[ 2018-10-07T16:28:09+08:00 ] ::1 GET ar.com/static/upload/brandImg/1537510405_4993.jpg
[运行时间：0.161592s] [吞吐率：6.19req/s] [内存消耗：2,221.07kb] [文件加载：51]
[ info ] [ LANG ] /Applications/MAMP/htdocs/ar/thinkphp/lang/zh-cn.php
---------------------------------------------------------------
[ 2018-10-07T16:28:10+08:00 ] ::1 GET ar.com/static/upload/brandImg/1537510036_1412.jpg
[运行时间：0.080561s] [吞吐率：12.41req/s] [内存消耗：2,221.07kb] [文件加载：51]
[ info ] [ LANG ] /Applications/MAMP/htdocs/ar/thinkphp/lang/zh-cn.php
---------------------------------------------------------------
[ 2018-10-07T16:28:10+08:00 ] ::1 GET ar.com/static/upload/brandImg/1537510001_5436.jpg
[运行时间：0.041468s] [吞吐率：24.12req/s] [内存消耗：2,221.07kb] [文件加载：51]
[ info ] [ LANG ] /Applications/MAMP/htdocs/ar/thinkphp/lang/zh-cn.php
---------------------------------------------------------------
[ 2018-10-07T16:28:12+08:00 ] ::1 GET ar.com/admin/waress/index/status/2.html
[运行时间：0.082019s] [吞吐率：12.19req/s] [内存消耗：4,610.16kb] [文件加载：79]
[ info ] [ LANG ] /Applications/MAMP/htdocs/ar/thinkphp/lang/zh-cn.php
[ info ] [ ROUTE ] array (
)
[ info ] [ HEADER ] array (
  'host' => 'ar.com',
  'connection' => 'keep-alive',
  'upgrade-insecure-requests' => '1',
  'user-agent' => 'Mozilla/5.0 (Macintosh; Intel Mac OS X 10_13_6) AppleWebKit/537.36 (KHTML, like Gecko) Chrome/69.0.3497.100 Safari/537.36',
  'accept' => 'text/html,application/xhtml+xml,application/xml;q=0.9,image/webp,image/apng,*/*;q=0.8',
  'referer' => 'http://ar.com/admin/users/game.html',
  'accept-encoding' => 'gzip, deflate',
  'accept-language' => 'zh-CN,zh;q=0.9',
  'cookie' => 'PHPSESSID=9cfe46b360f359375b2d8e8000e91cba',
)
[ info ] [ PARAM ] array (
  'status' => '2',
)
[ info ] [ DB ] INIT mysql
[ sql ] [ DB ] CONNECT:[ UseTime:0.000441s ] mysql:host=localhost;dbname=arwawa;charset=utf8mb4
[ sql ] [ SQL ] SHOW COLUMNS FROM `cn_brand_wares` [ RunTime:0.006485s ]
[ error ] [10501]SQLSTATE[42000]: Syntax error or access violation: 1064 You have an error in your SQL syntax; check the manual that corresponds to your MySQL server version for the right syntax to use near 'LIMIT 1' at line 1[/Applications/MAMP/htdocs/ar/thinkphp/library/think/db/Connection.php:699]
---------------------------------------------------------------
[ 2018-10-07T16:28:14+08:00 ] ::1 GET ar.com/admin/users/game.html
[运行时间：0.050558s] [吞吐率：19.78req/s] [内存消耗：3,811.72kb] [文件加载：80]
[ info ] [ LANG ] /Applications/MAMP/htdocs/ar/thinkphp/lang/zh-cn.php
[ info ] [ ROUTE ] array (
)
[ info ] [ HEADER ] array (
  'host' => 'ar.com',
  'connection' => 'keep-alive',
  'upgrade-insecure-requests' => '1',
  'user-agent' => 'Mozilla/5.0 (Macintosh; Intel Mac OS X 10_13_6) AppleWebKit/537.36 (KHTML, like Gecko) Chrome/69.0.3497.100 Safari/537.36',
  'accept' => 'text/html,application/xhtml+xml,application/xml;q=0.9,image/webp,image/apng,*/*;q=0.8',
  'referer' => 'http://ar.com/admin/users/game.html',
  'accept-encoding' => 'gzip, deflate',
  'accept-language' => 'zh-CN,zh;q=0.9',
  'cookie' => 'PHPSESSID=9cfe46b360f359375b2d8e8000e91cba',
)
[ info ] [ PARAM ] array (
)
[ info ] [ VIEW ] /Applications/MAMP/htdocs/ar/application/admin/view/users/game.html [ array (
  0 => 'top_menu_active',
  1 => 'left_menu_active',
) ]
[ error ] [8]未定义数组索引: display[/Applications/MAMP/htdocs/ar/runtime/temp/4adc11b7ebb5a0b7eb3abf200d061426.php:140]
[ error ] [8]未定义数组索引: display[/Applications/MAMP/htdocs/ar/runtime/temp/4adc11b7ebb5a0b7eb3abf200d061426.php:140]
[ error ] [8]未定义数组索引: display[/Applications/MAMP/htdocs/ar/runtime/temp/4adc11b7ebb5a0b7eb3abf200d061426.php:140]
[ error ] [8]未定义数组索引: display[/Applications/MAMP/htdocs/ar/runtime/temp/4adc11b7ebb5a0b7eb3abf200d061426.php:140]
[ error ] [8]未定义数组索引: display[/Applications/MAMP/htdocs/ar/runtime/temp/4adc11b7ebb5a0b7eb3abf200d061426.php:140]
[ error ] [8]未定义数组索引: display[/Applications/MAMP/htdocs/ar/runtime/temp/4adc11b7ebb5a0b7eb3abf200d061426.php:140]
[ error ] [8]未定义数组索引: display[/Applications/MAMP/htdocs/ar/runtime/temp/4adc11b7ebb5a0b7eb3abf200d061426.php:140]
---------------------------------------------------------------
[ 2018-10-07T16:28:30+08:00 ] ::1 GET ar.com/admin/users/index.html
[运行时间：0.088343s] [吞吐率：11.32req/s] [内存消耗：5,578.64kb] [文件加载：91]
[ info ] [ LANG ] /Applications/MAMP/htdocs/ar/thinkphp/lang/zh-cn.php
[ info ] [ ROUTE ] array (
)
[ info ] [ HEADER ] array (
  'host' => 'ar.com',
  'connection' => 'keep-alive',
  'upgrade-insecure-requests' => '1',
  'user-agent' => 'Mozilla/5.0 (Macintosh; Intel Mac OS X 10_13_6) AppleWebKit/537.36 (KHTML, like Gecko) Chrome/69.0.3497.100 Safari/537.36',
  'accept' => 'text/html,application/xhtml+xml,application/xml;q=0.9,image/webp,image/apng,*/*;q=0.8',
  'referer' => 'http://ar.com/admin/users/game.html',
  'accept-encoding' => 'gzip, deflate',
  'accept-language' => 'zh-CN,zh;q=0.9',
  'cookie' => 'PHPSESSID=9cfe46b360f359375b2d8e8000e91cba',
)
[ info ] [ PARAM ] array (
)
[ info ] [ DB ] INIT mysql
[ info ] [ VIEW ] /Applications/MAMP/htdocs/ar/application/admin/view/users/index.html [ array (
  0 => 'top_menu_active',
  1 => 'left_menu_active',
  2 => 'list',
) ]
[ sql ] [ DB ] CONNECT:[ UseTime:0.000453s ] mysql:host=localhost;dbname=arwawa;charset=utf8mb4
[ sql ] [ SQL ] SHOW COLUMNS FROM `cn_user` [ RunTime:0.005229s ]
[ sql ] [ SQL ] SELECT COUNT(*) AS tp_count FROM `cn_user` WHERE  `status` = 1 LIMIT 1 [ RunTime:0.000739s ]
[ sql ] [ EXPLAIN : array (
  'id' => 1,
  'select_type' => 'SIMPLE',
  'table' => 'cn_user',
  'type' => 'ALL',
  'possible_keys' => NULL,
  'key' => NULL,
  'key_len' => NULL,
  'ref' => NULL,
  'rows' => 2,
  'extra' => 'Using where',
) ]
[ sql ] [ SQL ] SELECT * FROM `cn_user` WHERE  `status` = 1 ORDER BY `id` DESC LIMIT 0,10 [ RunTime:0.000685s ]
[ sql ] [ EXPLAIN : array (
  'id' => 1,
  'select_type' => 'SIMPLE',
  'table' => 'cn_user',
  'type' => 'index',
  'possible_keys' => NULL,
  'key' => 'PRIMARY',
  'key_len' => '4',
  'ref' => NULL,
  'rows' => 2,
  'extra' => 'Using where',
) ]
[ sql ] [ SQL ] SHOW COLUMNS FROM `cn_partner` [ RunTime:0.003254s ]
[ sql ] [ SQL ] SELECT * FROM `cn_partner` WHERE  `id` = 4 LIMIT 1 [ RunTime:0.000553s ]
[ sql ] [ EXPLAIN : array (
  'id' => 1,
  'select_type' => 'SIMPLE',
  'table' => 'cn_partner',
  'type' => 'const',
  'possible_keys' => 'PRIMARY',
  'key' => 'PRIMARY',
  'key_len' => '4',
  'ref' => 'const',
  'rows' => 1,
  'extra' => NULL,
) ]
[ error ] [8]未定义数组索引: display[/Applications/MAMP/htdocs/ar/runtime/temp/839b406f903b2f0398fa237aabfcdc10.php:140]
[ error ] [8]未定义数组索引: display[/Applications/MAMP/htdocs/ar/runtime/temp/839b406f903b2f0398fa237aabfcdc10.php:140]
[ error ] [8]未定义数组索引: display[/Applications/MAMP/htdocs/ar/runtime/temp/839b406f903b2f0398fa237aabfcdc10.php:140]
[ error ] [8]未定义数组索引: display[/Applications/MAMP/htdocs/ar/runtime/temp/839b406f903b2f0398fa237aabfcdc10.php:140]
[ error ] [8]未定义数组索引: display[/Applications/MAMP/htdocs/ar/runtime/temp/839b406f903b2f0398fa237aabfcdc10.php:140]
[ error ] [8]未定义数组索引: display[/Applications/MAMP/htdocs/ar/runtime/temp/839b406f903b2f0398fa237aabfcdc10.php:140]
[ error ] [8]未定义数组索引: display[/Applications/MAMP/htdocs/ar/runtime/temp/839b406f903b2f0398fa237aabfcdc10.php:140]
---------------------------------------------------------------
[ 2018-10-07T16:28:31+08:00 ] ::1 GET ar.com/admin/users/game.html
[运行时间：0.054686s] [吞吐率：18.29req/s] [内存消耗：3,811.65kb] [文件加载：80]
[ info ] [ LANG ] /Applications/MAMP/htdocs/ar/thinkphp/lang/zh-cn.php
[ info ] [ ROUTE ] array (
)
[ info ] [ HEADER ] array (
  'host' => 'ar.com',
  'connection' => 'keep-alive',
  'upgrade-insecure-requests' => '1',
  'user-agent' => 'Mozilla/5.0 (Macintosh; Intel Mac OS X 10_13_6) AppleWebKit/537.36 (KHTML, like Gecko) Chrome/69.0.3497.100 Safari/537.36',
  'accept' => 'text/html,application/xhtml+xml,application/xml;q=0.9,image/webp,image/apng,*/*;q=0.8',
  'referer' => 'http://ar.com/admin/users/index.html',
  'accept-encoding' => 'gzip, deflate',
  'accept-language' => 'zh-CN,zh;q=0.9',
  'cookie' => 'PHPSESSID=9cfe46b360f359375b2d8e8000e91cba',
)
[ info ] [ PARAM ] array (
)
[ info ] [ VIEW ] /Applications/MAMP/htdocs/ar/application/admin/view/users/game.html [ array (
  0 => 'top_menu_active',
  1 => 'left_menu_active',
) ]
[ error ] [8]未定义数组索引: display[/Applications/MAMP/htdocs/ar/runtime/temp/4adc11b7ebb5a0b7eb3abf200d061426.php:140]
[ error ] [8]未定义数组索引: display[/Applications/MAMP/htdocs/ar/runtime/temp/4adc11b7ebb5a0b7eb3abf200d061426.php:140]
[ error ] [8]未定义数组索引: display[/Applications/MAMP/htdocs/ar/runtime/temp/4adc11b7ebb5a0b7eb3abf200d061426.php:140]
[ error ] [8]未定义数组索引: display[/Applications/MAMP/htdocs/ar/runtime/temp/4adc11b7ebb5a0b7eb3abf200d061426.php:140]
[ error ] [8]未定义数组索引: display[/Applications/MAMP/htdocs/ar/runtime/temp/4adc11b7ebb5a0b7eb3abf200d061426.php:140]
[ error ] [8]未定义数组索引: display[/Applications/MAMP/htdocs/ar/runtime/temp/4adc11b7ebb5a0b7eb3abf200d061426.php:140]
[ error ] [8]未定义数组索引: display[/Applications/MAMP/htdocs/ar/runtime/temp/4adc11b7ebb5a0b7eb3abf200d061426.php:140]
---------------------------------------------------------------
[ 2018-10-07T16:28:31+08:00 ] ::1 GET ar.com/static/upload/brandImg/1541699334_8758.jpg
[运行时间：0.088836s] [吞吐率：11.26req/s] [内存消耗：2,221.07kb] [文件加载：51]
[ info ] [ LANG ] /Applications/MAMP/htdocs/ar/thinkphp/lang/zh-cn.php
---------------------------------------------------------------
[ 2018-10-07T16:28:31+08:00 ] ::1 GET ar.com/static/upload/brandImg/1538037200_7670.jpg
[运行时间：0.062772s] [吞吐率：15.93req/s] [内存消耗：2,221.07kb] [文件加载：51]
[ info ] [ LANG ] /Applications/MAMP/htdocs/ar/thinkphp/lang/zh-cn.php
---------------------------------------------------------------
[ 2018-10-07T16:28:31+08:00 ] ::1 GET ar.com/static/upload/brandImg/1537510106_1715.jpg
[运行时间：0.068588s] [吞吐率：14.58req/s] [内存消耗：2,221.07kb] [文件加载：51]
[ info ] [ LANG ] /Applications/MAMP/htdocs/ar/thinkphp/lang/zh-cn.php
---------------------------------------------------------------
[ 2018-10-07T16:28:31+08:00 ] ::1 GET ar.com/static/upload/brandImg/1538120100_7480.png
[运行时间：0.165646s] [吞吐率：6.04req/s] [内存消耗：2,221.07kb] [文件加载：51]
[ info ] [ LANG ] /Applications/MAMP/htdocs/ar/thinkphp/lang/zh-cn.php
---------------------------------------------------------------
[ 2018-10-07T16:28:31+08:00 ] ::1 GET ar.com/static/upload/brandImg/1537510218_5046.jpg
[运行时间：0.153001s] [吞吐率：6.54req/s] [内存消耗：2,221.07kb] [文件加载：51]
[ info ] [ LANG ] /Applications/MAMP/htdocs/ar/thinkphp/lang/zh-cn.php
---------------------------------------------------------------
[ 2018-10-07T16:28:31+08:00 ] ::1 GET ar.com/static/upload/brandImg/1537510001_5436.jpg
[运行时间：0.061938s] [吞吐率：16.15req/s] [内存消耗：2,221.07kb] [文件加载：51]
[ info ] [ LANG ] /Applications/MAMP/htdocs/ar/thinkphp/lang/zh-cn.php
---------------------------------------------------------------
[ 2018-10-07T16:28:31+08:00 ] ::1 GET ar.com/static/upload/brandImg/1537509903_3888.jpg
[运行时间：0.170404s] [吞吐率：5.87req/s] [内存消耗：2,221.08kb] [文件加载：51]
[ info ] [ LANG ] /Applications/MAMP/htdocs/ar/thinkphp/lang/zh-cn.php
---------------------------------------------------------------
[ 2018-10-07T16:28:31+08:00 ] ::1 GET ar.com/static/upload/brandImg/1537510405_4993.jpg
[运行时间：0.121002s] [吞吐率：8.26req/s] [内存消耗：2,221.07kb] [文件加载：51]
[ info ] [ LANG ] /Applications/MAMP/htdocs/ar/thinkphp/lang/zh-cn.php
---------------------------------------------------------------
[ 2018-10-07T16:28:31+08:00 ] ::1 GET ar.com/static/upload/brandImg/1537510036_1412.jpg
[运行时间：0.138363s] [吞吐率：7.23req/s] [内存消耗：2,221.07kb] [文件加载：51]
[ info ] [ LANG ] /Applications/MAMP/htdocs/ar/thinkphp/lang/zh-cn.php
---------------------------------------------------------------
[ 2018-10-07T16:28:31+08:00 ] ::1 GET ar.com/static/upload/brandImg/1537510194_7813.jpg
[运行时间：0.150624s] [吞吐率：6.64req/s] [内存消耗：2,221.07kb] [文件加载：51]
[ info ] [ LANG ] /Applications/MAMP/htdocs/ar/thinkphp/lang/zh-cn.php
---------------------------------------------------------------
[ 2018-10-07T16:29:08+08:00 ] ::1 GET ar.com/admin/users/game.html
[运行时间：0.060716s] [吞吐率：16.47req/s] [内存消耗：4,090.54kb] [文件加载：82]
[ info ] [ LANG ] /Applications/MAMP/htdocs/ar/thinkphp/lang/zh-cn.php
[ info ] [ ROUTE ] array (
)
[ info ] [ HEADER ] array (
  'host' => 'ar.com',
  'connection' => 'keep-alive',
  'cache-control' => 'max-age=0',
  'upgrade-insecure-requests' => '1',
  'user-agent' => 'Mozilla/5.0 (Macintosh; Intel Mac OS X 10_13_6) AppleWebKit/537.36 (KHTML, like Gecko) Chrome/69.0.3497.100 Safari/537.36',
  'accept' => 'text/html,application/xhtml+xml,application/xml;q=0.9,image/webp,image/apng,*/*;q=0.8',
  'referer' => 'http://ar.com/admin/users/index.html',
  'accept-encoding' => 'gzip, deflate',
  'accept-language' => 'zh-CN,zh;q=0.9',
  'cookie' => 'PHPSESSID=9cfe46b360f359375b2d8e8000e91cba',
)
[ info ] [ PARAM ] array (
)
[ info ] [ VIEW ] /Applications/MAMP/htdocs/ar/application/admin/view/users/game.html [ array (
  0 => 'top_menu_active',
  1 => 'left_menu_active',
) ]
[ error ] [8]未定义数组索引: display[/Applications/MAMP/htdocs/ar/runtime/temp/4adc11b7ebb5a0b7eb3abf200d061426.php:140]
[ error ] [8]未定义数组索引: display[/Applications/MAMP/htdocs/ar/runtime/temp/4adc11b7ebb5a0b7eb3abf200d061426.php:140]
[ error ] [8]未定义数组索引: display[/Applications/MAMP/htdocs/ar/runtime/temp/4adc11b7ebb5a0b7eb3abf200d061426.php:140]
[ error ] [8]未定义数组索引: display[/Applications/MAMP/htdocs/ar/runtime/temp/4adc11b7ebb5a0b7eb3abf200d061426.php:140]
[ error ] [8]未定义数组索引: display[/Applications/MAMP/htdocs/ar/runtime/temp/4adc11b7ebb5a0b7eb3abf200d061426.php:140]
[ error ] [8]未定义数组索引: display[/Applications/MAMP/htdocs/ar/runtime/temp/4adc11b7ebb5a0b7eb3abf200d061426.php:140]
[ error ] [8]未定义数组索引: display[/Applications/MAMP/htdocs/ar/runtime/temp/4adc11b7ebb5a0b7eb3abf200d061426.php:140]
---------------------------------------------------------------
[ 2018-10-07T16:29:08+08:00 ] ::1 GET ar.com/static/upload/brandImg/1541699334_8758.jpg
[运行时间：0.054693s] [吞吐率：18.28req/s] [内存消耗：2,221.07kb] [文件加载：51]
[ info ] [ LANG ] /Applications/MAMP/htdocs/ar/thinkphp/lang/zh-cn.php
---------------------------------------------------------------
[ 2018-10-07T16:29:08+08:00 ] ::1 GET ar.com/static/upload/brandImg/1538120100_7480.png
[运行时间：0.082547s] [吞吐率：12.11req/s] [内存消耗：2,221.07kb] [文件加载：51]
[ info ] [ LANG ] /Applications/MAMP/htdocs/ar/thinkphp/lang/zh-cn.php
---------------------------------------------------------------
[ 2018-10-07T16:29:08+08:00 ] ::1 GET ar.com/static/upload/brandImg/1537509903_3888.jpg
[运行时间：0.071032s] [吞吐率：14.08req/s] [内存消耗：2,221.07kb] [文件加载：51]
[ info ] [ LANG ] /Applications/MAMP/htdocs/ar/thinkphp/lang/zh-cn.php
---------------------------------------------------------------
[ 2018-10-07T16:29:08+08:00 ] ::1 GET ar.com/static/upload/brandImg/1537510218_5046.jpg
[运行时间：0.074934s] [吞吐率：13.35req/s] [内存消耗：2,221.07kb] [文件加载：51]
[ info ] [ LANG ] /Applications/MAMP/htdocs/ar/thinkphp/lang/zh-cn.php
---------------------------------------------------------------
[ 2018-10-07T16:29:08+08:00 ] ::1 GET ar.com/static/upload/brandImg/1538037200_7670.jpg
[运行时间：0.080988s] [吞吐率：12.35req/s] [内存消耗：2,221.07kb] [文件加载：51]
[ info ] [ LANG ] /Applications/MAMP/htdocs/ar/thinkphp/lang/zh-cn.php
---------------------------------------------------------------
[ 2018-10-07T16:29:08+08:00 ] ::1 GET ar.com/static/upload/brandImg/1537510106_1715.jpg
[运行时间：0.091007s] [吞吐率：10.99req/s] [内存消耗：2,221.07kb] [文件加载：51]
[ info ] [ LANG ] /Applications/MAMP/htdocs/ar/thinkphp/lang/zh-cn.php
---------------------------------------------------------------
[ 2018-10-07T16:29:08+08:00 ] ::1 GET ar.com/static/upload/brandImg/1537510036_1412.jpg
[运行时间：0.076339s] [吞吐率：13.10req/s] [内存消耗：2,221.07kb] [文件加载：51]
[ info ] [ LANG ] /Applications/MAMP/htdocs/ar/thinkphp/lang/zh-cn.php
---------------------------------------------------------------
[ 2018-10-07T16:29:08+08:00 ] ::1 GET ar.com/static/upload/brandImg/1537510405_4993.jpg
[运行时间：0.066005s] [吞吐率：15.15req/s] [内存消耗：2,221.07kb] [文件加载：51]
[ info ] [ LANG ] /Applications/MAMP/htdocs/ar/thinkphp/lang/zh-cn.php
---------------------------------------------------------------
[ 2018-10-07T16:29:08+08:00 ] ::1 GET ar.com/static/upload/brandImg/1537510001_5436.jpg
[运行时间：0.077661s] [吞吐率：12.88req/s] [内存消耗：2,221.07kb] [文件加载：51]
[ info ] [ LANG ] /Applications/MAMP/htdocs/ar/thinkphp/lang/zh-cn.php
---------------------------------------------------------------
[ 2018-10-07T16:29:08+08:00 ] ::1 GET ar.com/static/upload/brandImg/1537510194_7813.jpg
[运行时间：0.076747s] [吞吐率：13.03req/s] [内存消耗：2,221.07kb] [文件加载：51]
[ info ] [ LANG ] /Applications/MAMP/htdocs/ar/thinkphp/lang/zh-cn.php
---------------------------------------------------------------
[ 2018-10-07T16:29:49+08:00 ] ::1 GET ar.com/admin/users/game.html
[运行时间：0.074873s] [吞吐率：13.36req/s] [内存消耗：4,083.01kb] [文件加载：82]
[ info ] [ LANG ] /Applications/MAMP/htdocs/ar/thinkphp/lang/zh-cn.php
[ info ] [ ROUTE ] array (
)
[ info ] [ HEADER ] array (
  'host' => 'ar.com',
  'connection' => 'keep-alive',
  'cache-control' => 'max-age=0',
  'upgrade-insecure-requests' => '1',
  'user-agent' => 'Mozilla/5.0 (Macintosh; Intel Mac OS X 10_13_6) AppleWebKit/537.36 (KHTML, like Gecko) Chrome/69.0.3497.100 Safari/537.36',
  'accept' => 'text/html,application/xhtml+xml,application/xml;q=0.9,image/webp,image/apng,*/*;q=0.8',
  'referer' => 'http://ar.com/admin/users/index.html',
  'accept-encoding' => 'gzip, deflate',
  'accept-language' => 'zh-CN,zh;q=0.9',
  'cookie' => 'PHPSESSID=9cfe46b360f359375b2d8e8000e91cba',
)
[ info ] [ PARAM ] array (
)
[ info ] [ VIEW ] /Applications/MAMP/htdocs/ar/application/admin/view/users/game.html [ array (
  0 => 'top_menu_active',
  1 => 'left_menu_active',
) ]
[ error ] [8]未定义数组索引: display[/Applications/MAMP/htdocs/ar/runtime/temp/4adc11b7ebb5a0b7eb3abf200d061426.php:140]
[ error ] [8]未定义数组索引: display[/Applications/MAMP/htdocs/ar/runtime/temp/4adc11b7ebb5a0b7eb3abf200d061426.php:140]
[ error ] [8]未定义数组索引: display[/Applications/MAMP/htdocs/ar/runtime/temp/4adc11b7ebb5a0b7eb3abf200d061426.php:140]
[ error ] [8]未定义数组索引: display[/Applications/MAMP/htdocs/ar/runtime/temp/4adc11b7ebb5a0b7eb3abf200d061426.php:140]
[ error ] [8]未定义数组索引: display[/Applications/MAMP/htdocs/ar/runtime/temp/4adc11b7ebb5a0b7eb3abf200d061426.php:140]
[ error ] [8]未定义数组索引: display[/Applications/MAMP/htdocs/ar/runtime/temp/4adc11b7ebb5a0b7eb3abf200d061426.php:140]
[ error ] [8]未定义数组索引: display[/Applications/MAMP/htdocs/ar/runtime/temp/4adc11b7ebb5a0b7eb3abf200d061426.php:140]
---------------------------------------------------------------
[ 2018-10-07T16:29:49+08:00 ] ::1 GET ar.com/static/upload/brandImg/1538120100_7480.png
[运行时间：0.041148s] [吞吐率：24.30req/s] [内存消耗：2,221.07kb] [文件加载：51]
[ info ] [ LANG ] /Applications/MAMP/htdocs/ar/thinkphp/lang/zh-cn.php
---------------------------------------------------------------
[ 2018-10-07T16:29:49+08:00 ] ::1 GET ar.com/static/upload/brandImg/1541699334_8758.jpg
[运行时间：0.056658s] [吞吐率：17.65req/s] [内存消耗：2,221.07kb] [文件加载：51]
[ info ] [ LANG ] /Applications/MAMP/htdocs/ar/thinkphp/lang/zh-cn.php
---------------------------------------------------------------
[ 2018-10-07T16:29:49+08:00 ] ::1 GET ar.com/static/upload/brandImg/1537510106_1715.jpg
[运行时间：0.052311s] [吞吐率：19.12req/s] [内存消耗：2,221.07kb] [文件加载：51]
[ info ] [ LANG ] /Applications/MAMP/htdocs/ar/thinkphp/lang/zh-cn.php
---------------------------------------------------------------
[ 2018-10-07T16:29:49+08:00 ] ::1 GET ar.com/static/upload/brandImg/1538037200_7670.jpg
[运行时间：0.057586s] [吞吐率：17.37req/s] [内存消耗：2,221.08kb] [文件加载：51]
[ info ] [ LANG ] /Applications/MAMP/htdocs/ar/thinkphp/lang/zh-cn.php
---------------------------------------------------------------
[ 2018-10-07T16:29:49+08:00 ] ::1 GET ar.com/static/upload/brandImg/1537510218_5046.jpg
[运行时间：0.055947s] [吞吐率：17.87req/s] [内存消耗：2,221.07kb] [文件加载：51]
[ info ] [ LANG ] /Applications/MAMP/htdocs/ar/thinkphp/lang/zh-cn.php
---------------------------------------------------------------
[ 2018-10-07T16:29:49+08:00 ] ::1 GET ar.com/static/upload/brandImg/1537509903_3888.jpg
[运行时间：0.083877s] [吞吐率：11.92req/s] [内存消耗：2,221.08kb] [文件加载：51]
[ info ] [ LANG ] /Applications/MAMP/htdocs/ar/thinkphp/lang/zh-cn.php
---------------------------------------------------------------
[ 2018-10-07T16:29:49+08:00 ] ::1 GET ar.com/static/upload/brandImg/1537510405_4993.jpg
[运行时间：0.069651s] [吞吐率：14.36req/s] [内存消耗：2,221.07kb] [文件加载：51]
[ info ] [ LANG ] /Applications/MAMP/htdocs/ar/thinkphp/lang/zh-cn.php
---------------------------------------------------------------
[ 2018-10-07T16:29:49+08:00 ] ::1 GET ar.com/static/upload/brandImg/1537510036_1412.jpg
[运行时间：0.052246s] [吞吐率：19.14req/s] [内存消耗：2,221.07kb] [文件加载：51]
[ info ] [ LANG ] /Applications/MAMP/htdocs/ar/thinkphp/lang/zh-cn.php
---------------------------------------------------------------
[ 2018-10-07T16:29:49+08:00 ] ::1 GET ar.com/static/upload/brandImg/1537510194_7813.jpg
[运行时间：0.061228s] [吞吐率：16.33req/s] [内存消耗：2,221.07kb] [文件加载：51]
[ info ] [ LANG ] /Applications/MAMP/htdocs/ar/thinkphp/lang/zh-cn.php
---------------------------------------------------------------
[ 2018-10-07T16:29:49+08:00 ] ::1 GET ar.com/static/upload/brandImg/1537510001_5436.jpg
[运行时间：0.055224s] [吞吐率：18.11req/s] [内存消耗：2,221.07kb] [文件加载：51]
[ info ] [ LANG ] /Applications/MAMP/htdocs/ar/thinkphp/lang/zh-cn.php
---------------------------------------------------------------
[ 2018-10-07T16:35:51+08:00 ] ::1 GET ar.com/admin/users/game.html
[运行时间：0.076257s] [吞吐率：13.11req/s] [内存消耗：4,082.84kb] [文件加载：82]
[ info ] [ LANG ] /Applications/MAMP/htdocs/ar/thinkphp/lang/zh-cn.php
[ info ] [ ROUTE ] array (
)
[ info ] [ HEADER ] array (
  'host' => 'ar.com',
  'connection' => 'keep-alive',
  'cache-control' => 'max-age=0',
  'upgrade-insecure-requests' => '1',
  'user-agent' => 'Mozilla/5.0 (Macintosh; Intel Mac OS X 10_13_6) AppleWebKit/537.36 (KHTML, like Gecko) Chrome/69.0.3497.100 Safari/537.36',
  'accept' => 'text/html,application/xhtml+xml,application/xml;q=0.9,image/webp,image/apng,*/*;q=0.8',
  'referer' => 'http://ar.com/admin/users/index.html',
  'accept-encoding' => 'gzip, deflate',
  'accept-language' => 'zh-CN,zh;q=0.9',
  'cookie' => 'PHPSESSID=9cfe46b360f359375b2d8e8000e91cba',
)
[ info ] [ PARAM ] array (
)
[ info ] [ VIEW ] /Applications/MAMP/htdocs/ar/application/admin/view/users/game.html [ array (
  0 => 'top_menu_active',
  1 => 'left_menu_active',
) ]
[ error ] [8]未定义数组索引: display[/Applications/MAMP/htdocs/ar/runtime/temp/4adc11b7ebb5a0b7eb3abf200d061426.php:140]
[ error ] [8]未定义数组索引: display[/Applications/MAMP/htdocs/ar/runtime/temp/4adc11b7ebb5a0b7eb3abf200d061426.php:140]
[ error ] [8]未定义数组索引: display[/Applications/MAMP/htdocs/ar/runtime/temp/4adc11b7ebb5a0b7eb3abf200d061426.php:140]
[ error ] [8]未定义数组索引: display[/Applications/MAMP/htdocs/ar/runtime/temp/4adc11b7ebb5a0b7eb3abf200d061426.php:140]
[ error ] [8]未定义数组索引: display[/Applications/MAMP/htdocs/ar/runtime/temp/4adc11b7ebb5a0b7eb3abf200d061426.php:140]
[ error ] [8]未定义数组索引: display[/Applications/MAMP/htdocs/ar/runtime/temp/4adc11b7ebb5a0b7eb3abf200d061426.php:140]
[ error ] [8]未定义数组索引: display[/Applications/MAMP/htdocs/ar/runtime/temp/4adc11b7ebb5a0b7eb3abf200d061426.php:140]
---------------------------------------------------------------
[ 2018-10-07T16:35:51+08:00 ] ::1 GET ar.com/static/upload/brandImg/1541699334_8758.jpg
[运行时间：0.045166s] [吞吐率：22.14req/s] [内存消耗：2,221.07kb] [文件加载：51]
[ info ] [ LANG ] /Applications/MAMP/htdocs/ar/thinkphp/lang/zh-cn.php
---------------------------------------------------------------
[ 2018-10-07T16:35:51+08:00 ] ::1 GET ar.com/static/upload/brandImg/1538120100_7480.png
[运行时间：0.046067s] [吞吐率：21.71req/s] [内存消耗：2,221.08kb] [文件加载：51]
[ info ] [ LANG ] /Applications/MAMP/htdocs/ar/thinkphp/lang/zh-cn.php
---------------------------------------------------------------
[ 2018-10-07T16:35:51+08:00 ] ::1 GET ar.com/static/upload/brandImg/1537510218_5046.jpg
[运行时间：0.090418s] [吞吐率：11.06req/s] [内存消耗：2,221.08kb] [文件加载：51]
[ info ] [ LANG ] /Applications/MAMP/htdocs/ar/thinkphp/lang/zh-cn.php
---------------------------------------------------------------
[ 2018-10-07T16:35:51+08:00 ] ::1 GET ar.com/static/upload/brandImg/1537509903_3888.jpg
[运行时间：0.091021s] [吞吐率：10.99req/s] [内存消耗：2,221.07kb] [文件加载：51]
[ info ] [ LANG ] /Applications/MAMP/htdocs/ar/thinkphp/lang/zh-cn.php
---------------------------------------------------------------
[ 2018-10-07T16:35:51+08:00 ] ::1 GET ar.com/static/upload/brandImg/1537510405_4993.jpg
[运行时间：0.115385s] [吞吐率：8.67req/s] [内存消耗：2,221.08kb] [文件加载：51]
[ info ] [ LANG ] /Applications/MAMP/htdocs/ar/thinkphp/lang/zh-cn.php
---------------------------------------------------------------
[ 2018-10-07T16:35:51+08:00 ] ::1 GET ar.com/static/upload/brandImg/1537510194_7813.jpg
[运行时间：0.102719s] [吞吐率：9.74req/s] [内存消耗：2,221.08kb] [文件加载：51]
[ info ] [ LANG ] /Applications/MAMP/htdocs/ar/thinkphp/lang/zh-cn.php
---------------------------------------------------------------
[ 2018-10-07T16:35:51+08:00 ] ::1 GET ar.com/static/upload/brandImg/1538037200_7670.jpg
[运行时间：0.143037s] [吞吐率：6.99req/s] [内存消耗：2,221.07kb] [文件加载：51]
[ info ] [ LANG ] /Applications/MAMP/htdocs/ar/thinkphp/lang/zh-cn.php
---------------------------------------------------------------
[ 2018-10-07T16:35:51+08:00 ] ::1 GET ar.com/static/upload/brandImg/1537510106_1715.jpg
[运行时间：0.126804s] [吞吐率：7.89req/s] [内存消耗：2,221.08kb] [文件加载：51]
[ info ] [ LANG ] /Applications/MAMP/htdocs/ar/thinkphp/lang/zh-cn.php
---------------------------------------------------------------
[ 2018-10-07T16:35:51+08:00 ] ::1 GET ar.com/static/upload/brandImg/1537510001_5436.jpg
[运行时间：0.047203s] [吞吐率：21.19req/s] [内存消耗：2,221.07kb] [文件加载：51]
[ info ] [ LANG ] /Applications/MAMP/htdocs/ar/thinkphp/lang/zh-cn.php
---------------------------------------------------------------
[ 2018-10-07T16:35:51+08:00 ] ::1 GET ar.com/static/upload/brandImg/1537510036_1412.jpg
[运行时间：0.076210s] [吞吐率：13.12req/s] [内存消耗：2,221.07kb] [文件加载：51]
[ info ] [ LANG ] /Applications/MAMP/htdocs/ar/thinkphp/lang/zh-cn.php
---------------------------------------------------------------
[ 2018-10-07T16:38:35+08:00 ] ::1 GET ar.com/admin/users/game.html
[运行时间：0.073689s] [吞吐率：13.57req/s] [内存消耗：4,082.70kb] [文件加载：82]
[ info ] [ LANG ] /Applications/MAMP/htdocs/ar/thinkphp/lang/zh-cn.php
[ info ] [ ROUTE ] array (
)
[ info ] [ HEADER ] array (
  'host' => 'ar.com',
  'connection' => 'keep-alive',
  'cache-control' => 'max-age=0',
  'upgrade-insecure-requests' => '1',
  'user-agent' => 'Mozilla/5.0 (Macintosh; Intel Mac OS X 10_13_6) AppleWebKit/537.36 (KHTML, like Gecko) Chrome/69.0.3497.100 Safari/537.36',
  'accept' => 'text/html,application/xhtml+xml,application/xml;q=0.9,image/webp,image/apng,*/*;q=0.8',
  'referer' => 'http://ar.com/admin/users/index.html',
  'accept-encoding' => 'gzip, deflate',
  'accept-language' => 'zh-CN,zh;q=0.9',
  'cookie' => 'PHPSESSID=9cfe46b360f359375b2d8e8000e91cba',
)
[ info ] [ PARAM ] array (
)
[ info ] [ VIEW ] /Applications/MAMP/htdocs/ar/application/admin/view/users/game.html [ array (
  0 => 'top_menu_active',
  1 => 'left_menu_active',
) ]
[ error ] [8]未定义数组索引: display[/Applications/MAMP/htdocs/ar/runtime/temp/4adc11b7ebb5a0b7eb3abf200d061426.php:140]
[ error ] [8]未定义数组索引: display[/Applications/MAMP/htdocs/ar/runtime/temp/4adc11b7ebb5a0b7eb3abf200d061426.php:140]
[ error ] [8]未定义数组索引: display[/Applications/MAMP/htdocs/ar/runtime/temp/4adc11b7ebb5a0b7eb3abf200d061426.php:140]
[ error ] [8]未定义数组索引: display[/Applications/MAMP/htdocs/ar/runtime/temp/4adc11b7ebb5a0b7eb3abf200d061426.php:140]
[ error ] [8]未定义数组索引: display[/Applications/MAMP/htdocs/ar/runtime/temp/4adc11b7ebb5a0b7eb3abf200d061426.php:140]
[ error ] [8]未定义数组索引: display[/Applications/MAMP/htdocs/ar/runtime/temp/4adc11b7ebb5a0b7eb3abf200d061426.php:140]
[ error ] [8]未定义数组索引: display[/Applications/MAMP/htdocs/ar/runtime/temp/4adc11b7ebb5a0b7eb3abf200d061426.php:140]
---------------------------------------------------------------
[ 2018-10-07T16:38:35+08:00 ] ::1 GET ar.com/static/upload/brandImg/1541699334_8758.jpg
[运行时间：0.038115s] [吞吐率：26.24req/s] [内存消耗：2,221.07kb] [文件加载：51]
[ info ] [ LANG ] /Applications/MAMP/htdocs/ar/thinkphp/lang/zh-cn.php
---------------------------------------------------------------
[ 2018-10-07T16:38:35+08:00 ] ::1 GET ar.com/static/upload/brandImg/1538120100_7480.png
[运行时间：0.041052s] [吞吐率：24.36req/s] [内存消耗：2,221.08kb] [文件加载：51]
[ info ] [ LANG ] /Applications/MAMP/htdocs/ar/thinkphp/lang/zh-cn.php
---------------------------------------------------------------
[ 2018-10-07T16:38:35+08:00 ] ::1 GET ar.com/static/upload/brandImg/1537510194_7813.jpg
[运行时间：0.081917s] [吞吐率：12.21req/s] [内存消耗：2,221.08kb] [文件加载：51]
[ info ] [ LANG ] /Applications/MAMP/htdocs/ar/thinkphp/lang/zh-cn.php
---------------------------------------------------------------
[ 2018-10-07T16:38:35+08:00 ] ::1 GET ar.com/static/upload/brandImg/1537510405_4993.jpg
[运行时间：0.082180s] [吞吐率：12.17req/s] [内存消耗：2,221.08kb] [文件加载：51]
[ info ] [ LANG ] /Applications/MAMP/htdocs/ar/thinkphp/lang/zh-cn.php
---------------------------------------------------------------
[ 2018-10-07T16:38:35+08:00 ] ::1 GET ar.com/static/upload/brandImg/1537510218_5046.jpg
[运行时间：0.080842s] [吞吐率：12.37req/s] [内存消耗：2,221.08kb] [文件加载：51]
[ info ] [ LANG ] /Applications/MAMP/htdocs/ar/thinkphp/lang/zh-cn.php
---------------------------------------------------------------
[ 2018-10-07T16:38:35+08:00 ] ::1 GET ar.com/static/upload/brandImg/1537509903_3888.jpg
[运行时间：0.094693s] [吞吐率：10.56req/s] [内存消耗：2,221.07kb] [文件加载：51]
[ info ] [ LANG ] /Applications/MAMP/htdocs/ar/thinkphp/lang/zh-cn.php
---------------------------------------------------------------
[ 2018-10-07T16:38:35+08:00 ] ::1 GET ar.com/static/upload/brandImg/1538037200_7670.jpg
[运行时间：0.144759s] [吞吐率：6.91req/s] [内存消耗：2,221.07kb] [文件加载：51]
[ info ] [ LANG ] /Applications/MAMP/htdocs/ar/thinkphp/lang/zh-cn.php
---------------------------------------------------------------
[ 2018-10-07T16:38:35+08:00 ] ::1 GET ar.com/static/upload/brandImg/1537510106_1715.jpg
[运行时间：0.094865s] [吞吐率：10.54req/s] [内存消耗：2,221.08kb] [文件加载：51]
[ info ] [ LANG ] /Applications/MAMP/htdocs/ar/thinkphp/lang/zh-cn.php
---------------------------------------------------------------
[ 2018-10-07T16:38:35+08:00 ] ::1 GET ar.com/static/upload/brandImg/1537510036_1412.jpg
[运行时间：0.044249s] [吞吐率：22.60req/s] [内存消耗：2,221.07kb] [文件加载：51]
[ info ] [ LANG ] /Applications/MAMP/htdocs/ar/thinkphp/lang/zh-cn.php
---------------------------------------------------------------
[ 2018-10-07T16:38:35+08:00 ] ::1 GET ar.com/static/upload/brandImg/1537510001_5436.jpg
[运行时间：0.062910s] [吞吐率：15.90req/s] [内存消耗：2,221.07kb] [文件加载：51]
[ info ] [ LANG ] /Applications/MAMP/htdocs/ar/thinkphp/lang/zh-cn.php
---------------------------------------------------------------
[ 2018-10-07T16:39:51+08:00 ] ::1 GET ar.com/admin/users/game.html
[运行时间：0.061273s] [吞吐率：16.32req/s] [内存消耗：4,048.89kb] [文件加载：82]
[ info ] [ LANG ] /Applications/MAMP/htdocs/ar/thinkphp/lang/zh-cn.php
[ info ] [ ROUTE ] array (
)
[ info ] [ HEADER ] array (
  'host' => 'ar.com',
  'connection' => 'keep-alive',
  'cache-control' => 'max-age=0',
  'upgrade-insecure-requests' => '1',
  'user-agent' => 'Mozilla/5.0 (Macintosh; Intel Mac OS X 10_13_6) AppleWebKit/537.36 (KHTML, like Gecko) Chrome/69.0.3497.100 Safari/537.36',
  'accept' => 'text/html,application/xhtml+xml,application/xml;q=0.9,image/webp,image/apng,*/*;q=0.8',
  'referer' => 'http://ar.com/admin/users/index.html',
  'accept-encoding' => 'gzip, deflate',
  'accept-language' => 'zh-CN,zh;q=0.9',
  'cookie' => 'PHPSESSID=9cfe46b360f359375b2d8e8000e91cba',
)
[ info ] [ PARAM ] array (
)
[ info ] [ VIEW ] /Applications/MAMP/htdocs/ar/application/admin/view/users/game.html [ array (
  0 => 'top_menu_active',
  1 => 'left_menu_active',
) ]
[ error ] [8]未定义数组索引: display[/Applications/MAMP/htdocs/ar/runtime/temp/4adc11b7ebb5a0b7eb3abf200d061426.php:140]
[ error ] [8]未定义数组索引: display[/Applications/MAMP/htdocs/ar/runtime/temp/4adc11b7ebb5a0b7eb3abf200d061426.php:140]
[ error ] [8]未定义数组索引: display[/Applications/MAMP/htdocs/ar/runtime/temp/4adc11b7ebb5a0b7eb3abf200d061426.php:140]
[ error ] [8]未定义数组索引: display[/Applications/MAMP/htdocs/ar/runtime/temp/4adc11b7ebb5a0b7eb3abf200d061426.php:140]
[ error ] [8]未定义数组索引: display[/Applications/MAMP/htdocs/ar/runtime/temp/4adc11b7ebb5a0b7eb3abf200d061426.php:140]
[ error ] [8]未定义数组索引: display[/Applications/MAMP/htdocs/ar/runtime/temp/4adc11b7ebb5a0b7eb3abf200d061426.php:140]
[ error ] [8]未定义数组索引: display[/Applications/MAMP/htdocs/ar/runtime/temp/4adc11b7ebb5a0b7eb3abf200d061426.php:140]
---------------------------------------------------------------
[ 2018-10-07T16:39:51+08:00 ] ::1 GET ar.com/static/upload/brandImg/1541699334_8758.jpg
[运行时间：0.031336s] [吞吐率：31.91req/s] [内存消耗：2,221.07kb] [文件加载：51]
[ info ] [ LANG ] /Applications/MAMP/htdocs/ar/thinkphp/lang/zh-cn.php
---------------------------------------------------------------
[ 2018-10-07T16:40:13+08:00 ] ::1 GET ar.com/admin/users/game.html
[运行时间：0.059329s] [吞吐率：16.86req/s] [内存消耗：4,047.93kb] [文件加载：82]
[ info ] [ LANG ] /Applications/MAMP/htdocs/ar/thinkphp/lang/zh-cn.php
[ info ] [ ROUTE ] array (
)
[ info ] [ HEADER ] array (
  'host' => 'ar.com',
  'connection' => 'keep-alive',
  'cache-control' => 'max-age=0',
  'upgrade-insecure-requests' => '1',
  'user-agent' => 'Mozilla/5.0 (Macintosh; Intel Mac OS X 10_13_6) AppleWebKit/537.36 (KHTML, like Gecko) Chrome/69.0.3497.100 Safari/537.36',
  'accept' => 'text/html,application/xhtml+xml,application/xml;q=0.9,image/webp,image/apng,*/*;q=0.8',
  'referer' => 'http://ar.com/admin/users/index.html',
  'accept-encoding' => 'gzip, deflate',
  'accept-language' => 'zh-CN,zh;q=0.9',
  'cookie' => 'PHPSESSID=9cfe46b360f359375b2d8e8000e91cba',
)
[ info ] [ PARAM ] array (
)
[ info ] [ VIEW ] /Applications/MAMP/htdocs/ar/application/admin/view/users/game.html [ array (
  0 => 'top_menu_active',
  1 => 'left_menu_active',
) ]
[ error ] [8]未定义数组索引: display[/Applications/MAMP/htdocs/ar/runtime/temp/4adc11b7ebb5a0b7eb3abf200d061426.php:140]
[ error ] [8]未定义数组索引: display[/Applications/MAMP/htdocs/ar/runtime/temp/4adc11b7ebb5a0b7eb3abf200d061426.php:140]
[ error ] [8]未定义数组索引: display[/Applications/MAMP/htdocs/ar/runtime/temp/4adc11b7ebb5a0b7eb3abf200d061426.php:140]
[ error ] [8]未定义数组索引: display[/Applications/MAMP/htdocs/ar/runtime/temp/4adc11b7ebb5a0b7eb3abf200d061426.php:140]
[ error ] [8]未定义数组索引: display[/Applications/MAMP/htdocs/ar/runtime/temp/4adc11b7ebb5a0b7eb3abf200d061426.php:140]
[ error ] [8]未定义数组索引: display[/Applications/MAMP/htdocs/ar/runtime/temp/4adc11b7ebb5a0b7eb3abf200d061426.php:140]
[ error ] [8]未定义数组索引: display[/Applications/MAMP/htdocs/ar/runtime/temp/4adc11b7ebb5a0b7eb3abf200d061426.php:140]
---------------------------------------------------------------
[ 2018-10-07T16:40:14+08:00 ] ::1 GET ar.com/static/upload/brandImg/1541699334_8758.jpg
[运行时间：0.031788s] [吞吐率：31.46req/s] [内存消耗：2,221.07kb] [文件加载：51]
[ info ] [ LANG ] /Applications/MAMP/htdocs/ar/thinkphp/lang/zh-cn.php
---------------------------------------------------------------
[ 2018-10-07T16:46:41+08:00 ] ::1 GET ar.com/admin/users/game.html
[运行时间：0.078673s] [吞吐率：12.71req/s] [内存消耗：5,636.40kb] [文件加载：90]
[ info ] [ LANG ] /Applications/MAMP/htdocs/ar/thinkphp/lang/zh-cn.php
[ info ] [ ROUTE ] array (
)
[ info ] [ HEADER ] array (
  'host' => 'ar.com',
  'connection' => 'keep-alive',
  'cache-control' => 'max-age=0',
  'upgrade-insecure-requests' => '1',
  'user-agent' => 'Mozilla/5.0 (Macintosh; Intel Mac OS X 10_13_6) AppleWebKit/537.36 (KHTML, like Gecko) Chrome/69.0.3497.100 Safari/537.36',
  'accept' => 'text/html,application/xhtml+xml,application/xml;q=0.9,image/webp,image/apng,*/*;q=0.8',
  'referer' => 'http://ar.com/admin/users/index.html',
  'accept-encoding' => 'gzip, deflate',
  'accept-language' => 'zh-CN,zh;q=0.9',
  'cookie' => 'PHPSESSID=9cfe46b360f359375b2d8e8000e91cba',
)
[ info ] [ PARAM ] array (
)
[ info ] [ DB ] INIT mysql
[ info ] [ VIEW ] /Applications/MAMP/htdocs/ar/application/admin/view/users/game.html [ array (
  0 => 'top_menu_active',
  1 => 'left_menu_active',
  2 => 'partnerList',
) ]
[ sql ] [ DB ] CONNECT:[ UseTime:0.000571s ] mysql:host=localhost;dbname=arwawa;charset=utf8mb4
[ sql ] [ SQL ] SHOW COLUMNS FROM `cn_partner` [ RunTime:0.004346s ]
[ sql ] [ SQL ] SELECT * FROM `cn_partner` WHERE  `status` = 1 [ RunTime:0.000716s ]
[ sql ] [ EXPLAIN : array (
  'id' => 1,
  'select_type' => 'SIMPLE',
  'table' => 'cn_partner',
  'type' => 'ALL',
  'possible_keys' => NULL,
  'key' => NULL,
  'key_len' => NULL,
  'ref' => NULL,
  'rows' => 4,
  'extra' => 'Using where',
) ]
[ error ] [8]未定义数组索引: display[/Applications/MAMP/htdocs/ar/runtime/temp/4adc11b7ebb5a0b7eb3abf200d061426.php:140]
[ error ] [8]未定义数组索引: display[/Applications/MAMP/htdocs/ar/runtime/temp/4adc11b7ebb5a0b7eb3abf200d061426.php:140]
[ error ] [8]未定义数组索引: display[/Applications/MAMP/htdocs/ar/runtime/temp/4adc11b7ebb5a0b7eb3abf200d061426.php:140]
[ error ] [8]未定义数组索引: display[/Applications/MAMP/htdocs/ar/runtime/temp/4adc11b7ebb5a0b7eb3abf200d061426.php:140]
[ error ] [8]未定义数组索引: display[/Applications/MAMP/htdocs/ar/runtime/temp/4adc11b7ebb5a0b7eb3abf200d061426.php:140]
[ error ] [8]未定义数组索引: display[/Applications/MAMP/htdocs/ar/runtime/temp/4adc11b7ebb5a0b7eb3abf200d061426.php:140]
[ error ] [8]未定义数组索引: display[/Applications/MAMP/htdocs/ar/runtime/temp/4adc11b7ebb5a0b7eb3abf200d061426.php:140]
---------------------------------------------------------------
[ 2018-10-07T16:46:41+08:00 ] ::1 GET ar.com/static/upload/brandImg/1541699334_8758.jpg
[运行时间：0.032619s] [吞吐率：30.66req/s] [内存消耗：2,221.07kb] [文件加载：51]
[ info ] [ LANG ] /Applications/MAMP/htdocs/ar/thinkphp/lang/zh-cn.php
---------------------------------------------------------------
[ 2018-10-07T21:44:09+08:00 ] 216.218.206.67 GET 121.196.216.77/
[运行时间：0.030712s] [吞吐率：32.56req/s] [内存消耗：1,784.58kb] [文件加载：69]
[ info ] [ LANG ] /www/wwwroot/ar/thinkphp/lang/zh-cn.php
[ info ] [ ROUTE ] array (
)
[ info ] [ HEADER ] array (
  'host' => '121.196.216.77',
)
[ info ] [ PARAM ] array (
)
