---------------------------------------------------------------
[ 2018-10-08T02:38:49+08:00 ] 47.97.23.199 GET /
[运行时间：0.016096s] [吞吐率：62.13req/s] [内存消耗：1,823.95kb] [文件加载：72]
[ error ] [8]Undefined index: HTTP_HOST[/www/wwwroot/ar/config/app.php:152]
[ info ] [ LANG ] /www/wwwroot/ar/thinkphp/lang/zh-cn.php
[ info ] [ ROUTE ] array (
)
[ info ] [ HEADER ] array (
)
[ info ] [ PARAM ] array (
)
---------------------------------------------------------------
[ 2018-10-08T03:52:39+08:00 ] 106.11.231.197 GET www.hihill.cn/
[运行时间：0.014582s] [吞吐率：68.58req/s] [内存消耗：1,784.88kb] [文件加载：69]
[ info ] [ LANG ] /www/wwwroot/ar/thinkphp/lang/zh-cn.php
[ info ] [ ROUTE ] array (
)
[ info ] [ HEADER ] array (
  'accept-encoding' => 'gzip',
  'user-agent' => 'Go 1.1 package http',
  'host' => 'www.hihill.cn',
)
[ info ] [ PARAM ] array (
)
---------------------------------------------------------------
[ 2018-10-08T03:52:40+08:00 ] 106.11.229.75 GET www.hihill.cn/
[运行时间：0.014824s] [吞吐率：67.46req/s] [内存消耗：1,784.88kb] [文件加载：69]
[ info ] [ LANG ] /www/wwwroot/ar/thinkphp/lang/zh-cn.php
[ info ] [ ROUTE ] array (
)
[ info ] [ HEADER ] array (
  'accept-encoding' => 'gzip',
  'user-agent' => 'Go 1.1 package http',
  'host' => 'www.hihill.cn',
)
[ info ] [ PARAM ] array (
)
---------------------------------------------------------------
[ 2018-10-08T04:08:01+08:00 ] 47.98.97.81 GET www.hihill.cn/
[运行时间：0.014948s] [吞吐率：66.90req/s] [内存消耗：1,785.35kb] [文件加载：69]
[ info ] [ LANG ] /www/wwwroot/ar/thinkphp/lang/zh-cn.php
[ info ] [ ROUTE ] array (
)
[ info ] [ HEADER ] array (
  'connection' => 'keep-alive',
  'accept' => 'text/html, image/gif, image/jpeg, *; q=.2, */*; q=.2',
  'host' => 'www.hihill.cn',
  'user-agent' => 'Mozilla/5.0 (X11; Ubuntu; Linux x86_64; rv:36.0) Gecko/20100101 Firefox/36.0',
)
[ info ] [ PARAM ] array (
)
---------------------------------------------------------------
[ 2018-10-08T04:08:01+08:00 ] 47.98.97.81 GET www.hihill.cn/Login/index/index.html
[运行时间：0.017952s] [吞吐率：55.70req/s] [内存消耗：1,884.76kb] [文件加载：71]
[ info ] [ LANG ] /www/wwwroot/ar/thinkphp/lang/zh-cn.php
[ info ] [ ROUTE ] array (
)
[ info ] [ HEADER ] array (
  'connection' => 'keep-alive',
  'accept' => 'text/html, image/gif, image/jpeg, *; q=.2, */*; q=.2',
  'host' => 'www.hihill.cn',
  'user-agent' => 'Mozilla/5.0 (X11; Ubuntu; Linux x86_64; rv:36.0) Gecko/20100101 Firefox/36.0',
)
[ info ] [ PARAM ] array (
)
[ info ] [ BEHAVIOR ] Run app\login\behavior\ListenLoginStatus->run @action_begin [ RunTime:0.000380s ]
[ info ] [ VIEW ] /www/wwwroot/ar/application/login/view/index/index.html [ array (
  0 => 'erromsg',
) ]
---------------------------------------------------------------
[ 2018-10-08T04:23:28+08:00 ] 47.93.180.168 GET /
[运行时间：0.015284s] [吞吐率：65.43req/s] [内存消耗：1,823.95kb] [文件加载：72]
[ error ] [8]Undefined index: HTTP_HOST[/www/wwwroot/ar/config/app.php:152]
[ info ] [ LANG ] /www/wwwroot/ar/thinkphp/lang/zh-cn.php
[ info ] [ ROUTE ] array (
)
[ info ] [ HEADER ] array (
)
[ info ] [ PARAM ] array (
)
